#
# There is insufficient memory for the Java Runtime Environment to continue.
# Native memory allocation (mmap) failed to map 67108864 bytes for Failed to commit area from 0x00000000fc000000 to 0x0000000100000000 of length 67108864.
# Possible reasons:
#   The system is out of physical RAM or swap space
#   The process is running with CompressedOops enabled, and the Java Heap may be blocking the growth of the native heap
# Possible solutions:
#   Reduce memory load on the system
#   Increase physical memory or swap space
#   Check if swap backing store is full
#   Decrease Java heap size (-Xmx/-Xms)
#   Decrease number of Java threads
#   Decrease Java thread stack sizes (-Xss)
#   Set larger code cache with -XX:ReservedCodeCacheSize=
# This output file may be truncated or incomplete.
#
#  Out of Memory Error (os_windows.cpp:3386), pid=984, tid=6720
#
# JRE version:  (11.0.20+8) (build )
# Java VM: OpenJDK 64-Bit Server VM (11.0.20+8-LTS, mixed mode, sharing, tiered, compressed oops, g1 gc, windows-amd64)
# No core dump will be written. Minidumps are not enabled by default on client versions of Windows
#

---------------  S U M M A R Y ------------

Command Line: -Xmx64m -Xms64m -Dorg.gradle.appname=gradlew org.gradle.wrapper.GradleWrapperMain tasks

Host: Intel(R) Core(TM) i7-4610M CPU @ 3.00GHz, 4 cores, 15G,  Windows 10 , 64 bit Build 19041 (10.0.19041.3570)
Time: Wed Nov 15 15:33:23 2023 India Standard Time elapsed time: 0.227600 seconds (0d 0h 0m 0s)

---------------  T H R E A D  ---------------

Current thread (0x000001db08fc0800):  JavaThread "Unknown thread" [_thread_in_vm, id=6720, stack(0x00000089ec700000,0x00000089ec800000)]

Stack: [0x00000089ec700000,0x00000089ec800000]
Native frames: (J=compiled Java code, j=interpreted, Vv=VM code, C=native code)
V  [jvm.dll+0x62e9da]
V  [jvm.dll+0x7bc4e9]
V  [jvm.dll+0x7bdbd8]
V  [jvm.dll+0x7be2b3]
V  [jvm.dll+0x2505a8]
V  [jvm.dll+0x62bcea]
V  [jvm.dll+0x6202a5]
V  [jvm.dll+0x30decc]
V  [jvm.dll+0x30dd52]
V  [jvm.dll+0x312a66]
V  [jvm.dll+0x358b0f]
V  [jvm.dll+0x358540]
V  [jvm.dll+0x2eae38]
V  [jvm.dll+0x2ebf96]
V  [jvm.dll+0x7962f7]
V  [jvm.dll+0x797a7f]
V  [jvm.dll+0x365879]
V  [jvm.dll+0x779130]
V  [jvm.dll+0x3d4c1f]
V  [jvm.dll+0x3d6fb1]
C  [jli.dll+0x5227]
C  [ucrtbase.dll+0x21bb2]
C  [KERNEL32.DLL+0x17344]
C  [ntdll.dll+0x526b1]


---------------  P R O C E S S  ---------------

Threads class SMR info:
_java_thread_list=0x000001db06f23d20, length=0, elements={
}

Java Threads: ( => current thread )

Other Threads:
  0x000001db08fd9000 GCTaskThread "GC Thread#0" [stack: 0x00000089ec800000,0x00000089ec900000] [id=16820]
  0x000001db08fe0000 ConcurrentGCThread "G1 Main Marker" [stack: 0x00000089ec900000,0x00000089eca00000] [id=17104]
  0x000001db08fe1000 ConcurrentGCThread "G1 Conc#0" [stack: 0x00000089eca00000,0x00000089ecb00000] [id=16188]

[error occurred during error reporting (printing all threads), id 0xc0000005, EXCEPTION_ACCESS_VIOLATION (0xc0000005) at pc=0x00007ff90714a677]

VM state:not at safepoint (not fully initialized)

VM Mutex/Monitor currently owned by a thread:  ([mutex/lock_event])
[0x000001db08fbbf50] Heap_lock - owner thread: 0x000001db08fc0800

Heap address: 0x00000000fc000000, size: 64 MB, Compressed Oops mode: Non-zero based: 0x00000000fc000000
Narrow klass base: 0x0000000000000000, Narrow klass shift: 0

GC Heap History (0 events):
No events

Deoptimization events (0 events):
No events

Classes redefined (0 events):
No events

Internal exceptions (0 events):
No events

Events (1 events):
Event: 0.110 Loaded shared library C:\Program Files\Microsoft\jdk-11.0.20.8-hotspot\bin\zip.dll


Dynamic libraries:
0x00007ff70ad10000 - 0x00007ff70ad1d000 	C:\Program Files\Microsoft\jdk-11.0.20.8-hotspot\bin\java.exe
0x00007ff94c830000 - 0x00007ff94ca27000 	C:\WINDOWS\SYSTEM32\ntdll.dll
0x00007ff94aea0000 - 0x00007ff94af5d000 	C:\WINDOWS\System32\KERNEL32.DLL
0x00007ff94a140000 - 0x00007ff94a436000 	C:\WINDOWS\System32\KERNELBASE.dll
0x00007ff949f10000 - 0x00007ff94a010000 	C:\WINDOWS\System32\ucrtbase.dll
0x00007ff936840000 - 0x00007ff936857000 	C:\Program Files\Microsoft\jdk-11.0.20.8-hotspot\bin\jli.dll
0x00007ff94b870000 - 0x00007ff94ba0e000 	C:\WINDOWS\System32\USER32.dll
0x00007ff94a770000 - 0x00007ff94a792000 	C:\WINDOWS\System32\win32u.dll
0x00007ff94b4e0000 - 0x00007ff94b50c000 	C:\WINDOWS\System32\GDI32.dll
0x00007ff94a440000 - 0x00007ff94a55a000 	C:\WINDOWS\System32\gdi32full.dll
0x00007ff94a7f0000 - 0x00007ff94a88d000 	C:\WINDOWS\System32\msvcp_win.dll
0x00007ff935790000 - 0x00007ff9357a5000 	C:\Program Files\Microsoft\jdk-11.0.20.8-hotspot\bin\VCRUNTIME140.dll
0x00007ff93dd80000 - 0x00007ff93e01a000 	C:\WINDOWS\WinSxS\amd64_microsoft.windows.common-controls_6595b64144ccf1df_6.0.19041.3570_none_60bb2a3971f3e41a\COMCTL32.dll
0x00007ff94acd0000 - 0x00007ff94ad6e000 	C:\WINDOWS\System32\msvcrt.dll
0x00007ff94c7c0000 - 0x00007ff94c7f0000 	C:\WINDOWS\System32\IMM32.DLL
0x00007ff926280000 - 0x00007ff92631b000 	C:\Program Files\Microsoft\jdk-11.0.20.8-hotspot\bin\msvcp140.dll
0x00007ff906e50000 - 0x00007ff9079e6000 	C:\Program Files\Microsoft\jdk-11.0.20.8-hotspot\bin\server\jvm.dll
0x00007ff94ba10000 - 0x00007ff94babe000 	C:\WINDOWS\System32\ADVAPI32.dll
0x00007ff94bc70000 - 0x00007ff94bd0c000 	C:\WINDOWS\System32\sechost.dll
0x00007ff94ad70000 - 0x00007ff94ae96000 	C:\WINDOWS\System32\RPCRT4.dll
0x00007ff94acb0000 - 0x00007ff94acb8000 	C:\WINDOWS\System32\PSAPI.DLL
0x00007ff8d1200000 - 0x00007ff8d1209000 	C:\WINDOWS\SYSTEM32\WSOCK32.dll
0x00007ff94af60000 - 0x00007ff94afcb000 	C:\WINDOWS\System32\WS2_32.dll
0x00007ff93fab0000 - 0x00007ff93fad7000 	C:\WINDOWS\SYSTEM32\WINMM.dll
0x00007ff93faf0000 - 0x00007ff93fafa000 	C:\WINDOWS\SYSTEM32\VERSION.dll
0x00007ff948790000 - 0x00007ff9487a2000 	C:\WINDOWS\SYSTEM32\kernel.appcore.dll
0x00007ff938390000 - 0x00007ff9383a0000 	C:\Program Files\Microsoft\jdk-11.0.20.8-hotspot\bin\verify.dll
0x00007ff936250000 - 0x00007ff936434000 	C:\WINDOWS\SYSTEM32\DBGHELP.DLL
0x00007ff9364d0000 - 0x00007ff936504000 	C:\WINDOWS\SYSTEM32\dbgcore.DLL
0x00007ff94a040000 - 0x00007ff94a0c2000 	C:\WINDOWS\System32\bcryptPrimitives.dll
0x00007ff935650000 - 0x00007ff935678000 	C:\Program Files\Microsoft\jdk-11.0.20.8-hotspot\bin\java.dll
0x00007ff936830000 - 0x00007ff93683a000 	C:\Program Files\Microsoft\jdk-11.0.20.8-hotspot\bin\jimage.dll
0x00007ff935420000 - 0x00007ff935438000 	C:\Program Files\Microsoft\jdk-11.0.20.8-hotspot\bin\zip.dll

dbghelp: loaded successfully - version: 4.0.5 - missing functions: none
symbol engine: initialized successfully - sym options: 0x614 - pdb path: .;C:\Program Files\Microsoft\jdk-11.0.20.8-hotspot\bin;C:\WINDOWS\SYSTEM32;C:\WINDOWS\WinSxS\amd64_microsoft.windows.common-controls_6595b64144ccf1df_6.0.19041.3570_none_60bb2a3971f3e41a;C:\Program Files\Microsoft\jdk-11.0.20.8-hotspot\bin\server

VM Arguments:
jvm_args: -Xmx64m -Xms64m -Dorg.gradle.appname=gradlew 
java_command: org.gradle.wrapper.GradleWrapperMain tasks
java_class_path (initial): C:\Users\Kamaldeep\Desktop\New folder\demo\android\\gradle\wrapper\gradle-wrapper.jar
Launcher Type: SUN_STANDARD

[Global flags]
     intx CICompilerCount                          = 3                                         {product} {ergonomic}
     uint ConcGCThreads                            = 1                                         {product} {ergonomic}
     uint G1ConcRefinementThreads                  = 4                                         {product} {ergonomic}
   size_t G1HeapRegionSize                         = 1048576                                   {product} {ergonomic}
    uintx GCDrainStackTargetSize                   = 64                                        {product} {ergonomic}
   size_t InitialHeapSize                          = 67108864                                  {product} {command line}
   size_t MarkStackSize                            = 4194304                                   {product} {ergonomic}
   size_t MaxHeapSize                              = 67108864                                  {product} {command line}
   size_t MinHeapDeltaBytes                        = 1048576                                   {product} {ergonomic}
    uintx NonNMethodCodeHeapSize                   = 5830732                                {pd product} {ergonomic}
    uintx NonProfiledCodeHeapSize                  = 122913754                              {pd product} {ergonomic}
    uintx ProfiledCodeHeapSize                     = 122913754                              {pd product} {ergonomic}
    uintx ReservedCodeCacheSize                    = 251658240                              {pd product} {ergonomic}
     bool SegmentedCodeCache                       = true                                      {product} {ergonomic}
     bool UseCompressedClassPointers               = true                                 {lp64_product} {ergonomic}
     bool UseCompressedOops                        = true                                 {lp64_product} {ergonomic}
     bool UseG1GC                                  = true                                      {product} {ergonomic}
     bool UseLargePagesIndividualAllocation        = false                                  {pd product} {ergonomic}

Logging:
Log output configuration:
 #0: stdout all=warning uptime,level,tags
 #1: stderr all=off uptime,level,tags

Environment Variables:
JAVA_HOME=C:\Program Files\Microsoft\jdk-11.0.20.8-hotspot\
CLASSPATH=C:\Users\Kamaldeep\Desktop\New folder\demo\android\\gradle\wrapper\gradle-wrapper.jar
PATH=C:\Users\Kamaldeep\Desktop\New folder\demo\node_modules\.bin;C:\Users\Kamaldeep\Desktop\New folder\demo\node_modules\.bin;C:\Users\Kamaldeep\Desktop\New folder\node_modules\.bin;C:\Users\Kamaldeep\Desktop\node_modules\.bin;C:\Users\Kamaldeep\node_modules\.bin;C:\Users\node_modules\.bin;C:\node_modules\.bin;C:\Program Files\nodejs\node_modules\npm\node_modules\@npmcli\run-script\lib\node-gyp-bin;C:\Program Files\Microsoft\jdk-11.0.20.8-hotspot\bin;C:\Program Files (x86)\Intel\iCLS Client\;C:\Program Files\Intel\iCLS Client\;C:\Program Files (x86)\Common Files\Oracle\Java\javapath;C:\Program Files\OpenJDK\jdk-8.0.262.10-hotspot\bin;C:\WINDOWS\system32;C:\WINDOWS;C:\WINDOWS\System32\Wbem;C:\WINDOWS\System32\WindowsPowerShell\v1.0\;C:\WINDOWS\System32\OpenSSH\;C:\Program Files\Microsoft\jdk-11.0.20.8-hotspot\\bin;C:\Users\Dev.DESKTOP-0NKJGF3\AppData\Local\Android\Sdk\platform-tools;C:\Users\Dev.DESKTOP-0NKJGF3\AppData\Local\Android\Sdk\tools;C:\Program Files\dotnet\;C:\Program Files (x86)\Intel\Intel(R) Management Engine Components\DAL;C:\Program Files\Intel\Intel(R) Management Engine Components\DAL;C:\Program Files (x86)\Intel\Intel(R) Management Engine Components\IPT;C:\Program Files\Intel\Intel(R) Management Engine Components\IPT;C:\Program Files\Git\cmd;C:\Program Files\nodejs\;C:\xampp\php;C:\composer;C:\ProgramData\chocolatey\bin;C:\Users\Kamaldeep\AppData\Local\Android\Sdk\platform-tools;C:\Users\Kamaldeep\AppData\Local\Android\Sdk\tools;C:\Users\Kamaldeep\AppData\Local\Microsoft\WindowsApps;C:\Users\Kamaldeep\AppData\Local\Programs\Microsoft VS Code\bin;C:\Users\Kamaldeep\AppData\Local\Android\Sdk;C:\Users\Kamaldeep\AppData\Local\Android\Sdk\platform-tools
USERNAME=Kamaldeep
LANG=en_US.UTF-8
OS=Windows_NT
PROCESSOR_IDENTIFIER=Intel64 Family 6 Model 60 Stepping 3, GenuineIntel
TMP=C:\Users\KAMALD~1\AppData\Local\Temp
TEMP=C:\Users\KAMALD~1\AppData\Local\Temp



---------------  S Y S T E M  ---------------

OS: Windows 10 , 64 bit Build 19041 (10.0.19041.3570)
OS uptime: 0 days 5:15 hours

CPU:total 4 (initial active 4) (2 cores per cpu, 2 threads per core) family 6 model 60 stepping 3 microcode 0x27, cmov, cx8, fxsr, mmx, sse, sse2, sse3, ssse3, sse4.1, sse4.2, popcnt, avx, avx2, aes, clmul, erms, lzcnt, ht, tsc, tscinvbit, bmi1, bmi2, fma

Memory: 4k page, system-wide physical 16289M (1760M free)
TotalPageFile size 16289M (AvailPageFile size 40M)
current process WorkingSet (physical memory assigned to process): 9M, peak: 9M
current process commit charge ("private bytes"): 51M, peak: 115M

vm_info: OpenJDK 64-Bit Server VM (11.0.20+8-LTS) for windows-amd64 JRE (11.0.20+8-LTS), built on Jul  7 2023 17:05:21 by "MicrosoftCorporation" with MS VC++ 15.9 (VS2017)

END.
