#
# There is insufficient memory for the Java Runtime Environment to continue.
# Native memory allocation (malloc) failed to allocate 745456 bytes for Chunk::new
# Possible reasons:
#   The system is out of physical RAM or swap space
#   The process is running with CompressedOops enabled, and the Java Heap may be blocking the growth of the native heap
# Possible solutions:
#   Reduce memory load on the system
#   Increase physical memory or swap space
#   Check if swap backing store is full
#   Decrease Java heap size (-Xmx/-Xms)
#   Decrease number of Java threads
#   Decrease Java thread stack sizes (-Xss)
#   Set larger code cache with -XX:ReservedCodeCacheSize=
#   JVM is running with Unscaled Compressed Oops mode in which the Java heap is
#     placed in the first 4GB address space. The Java Heap base address is the
#     maximum limit for the native heap growth. Please use -XX:HeapBaseMinAddress
#     to set the Java Heap base and to place the Java Heap above 4GB virtual address.
# This output file may be truncated or incomplete.
#
#  Out of Memory Error (arena.cpp:197), pid=14692, tid=14848
#
# JRE version: OpenJDK Runtime Environment Microsoft-8035250 (11.0.20+8) (build 11.0.20+8-LTS)
# Java VM: OpenJDK 64-Bit Server VM Microsoft-8035250 (11.0.20+8-LTS, mixed mode, tiered, compressed oops, g1 gc, windows-amd64)
# No core dump will be written. Minidumps are not enabled by default on client versions of Windows
#

---------------  S U M M A R Y ------------

Command Line: -XX:MaxMetaspaceSize=512m --add-opens=java.base/java.util=ALL-UNNAMED --add-opens=java.base/java.lang=ALL-UNNAMED --add-opens=java.base/java.lang.invoke=ALL-UNNAMED --add-opens=java.prefs/java.util.prefs=ALL-UNNAMED --add-opens=java.base/java.nio.charset=ALL-UNNAMED --add-opens=java.base/java.net=ALL-UNNAMED --add-opens=java.base/java.util.concurrent.atomic=ALL-UNNAMED -Xmx2048m -Dfile.encoding=windows-1252 -Duser.country=IN -Duser.language=en -Duser.variant org.gradle.launcher.daemon.bootstrap.GradleDaemon 8.0.1

Host: Intel(R) Core(TM) i7-4610M CPU @ 3.00GHz, 4 cores, 15G,  Windows 10 , 64 bit Build 19041 (10.0.19041.3570)
Time: Fri Nov 10 17:18:33 2023 India Standard Time elapsed time: 93.494045 seconds (0d 0h 1m 33s)

---------------  T H R E A D  ---------------

Current thread (0x000001f2a1c3d800):  JavaThread "C2 CompilerThread0" daemon [_thread_in_native, id=14848, stack(0x000000ee66900000,0x000000ee66a00000)]


Current CompileTask:
C2:  93494 9323       4       java.lang.Class::getMethodsRecursive (99 bytes)

Stack: [0x000000ee66900000,0x000000ee66a00000]
Native frames: (J=compiled Java code, j=interpreted, Vv=VM code, C=native code)
V  [jvm.dll+0x62e9da]
V  [jvm.dll+0x7bc4e9]
V  [jvm.dll+0x7bdbd8]
V  [jvm.dll+0x7be2b3]
V  [jvm.dll+0x2505a8]
V  [jvm.dll+0xc263c]
V  [jvm.dll+0xc2bfc]
V  [jvm.dll+0x35fdc7]
V  [jvm.dll+0x32bf13]
V  [jvm.dll+0x32b24a]
V  [jvm.dll+0x2097e3]
V  [jvm.dll+0x20893d]
V  [jvm.dll+0x18a7de]
V  [jvm.dll+0x2181ec]
V  [jvm.dll+0x21642b]
V  [jvm.dll+0x77efc0]
V  [jvm.dll+0x777db4]
V  [jvm.dll+0x62d845]
C  [ucrtbase.dll+0x21bb2]
C  [KERNEL32.DLL+0x17344]
C  [ntdll.dll+0x526b1]


---------------  P R O C E S S  ---------------

Threads class SMR info:
_java_thread_list=0x000001f2a4d8b8a0, length=85, elements={
0x000001f282b21800, 0x000001f2a1bd2000, 0x000001f2a1bd3000, 0x000001f2a1c36000,
0x000001f2a1c37000, 0x000001f2a1c38000, 0x000001f2a1c3d800, 0x000001f2a1c3e800,
0x000001f2a1ca4800, 0x000001f2a1dcb000, 0x000001f2a47fd000, 0x000001f2a3169000,
0x000001f2a51a0000, 0x000001f2a32d9800, 0x000001f2a35e6800, 0x000001f2a2be3000,
0x000001f2a3708800, 0x000001f2a3709000, 0x000001f2a47e3800, 0x000001f2a3004000,
0x000001f2a3002800, 0x000001f2a3004800, 0x000001f2a2fff000, 0x000001f2a3003000,
0x000001f2a3000000, 0x000001f2a3005800, 0x000001f2a3000800, 0x000001f2a3001800,
0x000001f2a338f800, 0x000001f2a338e000, 0x000001f2a338d800, 0x000001f2a3390800,
0x000001f2a3391800, 0x000001f2a3392000, 0x000001f2a761d800, 0x000001f2a761e000,
0x000001f2a7619800, 0x000001f2a7618800, 0x000001f2a761f000, 0x000001f2a761c800,
0x000001f2a761a000, 0x000001f2a7620000, 0x000001f2a761b800, 0x000001f2a7620800,
0x000001f2a761b000, 0x000001f2a7624800, 0x000001f2a7624000, 0x000001f2a7623000,
0x000001f2a7625800, 0x000001f2a7626800, 0x000001f2a7627000, 0x000001f2a7622000,
0x000001f2a7621800, 0x000001f2a5954800, 0x000001f2a5957000, 0x000001f2a5958800,
0x000001f2a5953800, 0x000001f2a595a000, 0x000001f2a5956000, 0x000001f2a5959000,
0x000001f2a595b000, 0x000001f2a5957800, 0x000001f2a5955000, 0x000001f2a595c800,
0x000001f2a5960000, 0x000001f2a5960800, 0x000001f2a5961800, 0x000001f2a595d800,
0x000001f2a595b800, 0x000001f2a5962000, 0x000001f2a595e000, 0x000001f2a595f000,
0x000001f2a591a000, 0x000001f2a5918800, 0x000001f2a5919000, 0x000001f2a591b000,
0x000001f2a591b800, 0x000001f2a591c800, 0x000001f2a591d800, 0x000001f2a5917800,
0x000001f2a5923000, 0x000001f2a5922000, 0x000001f2a5921800, 0x000001f2a591e000,
0x000001f2a5924000
}

Java Threads: ( => current thread )
  0x000001f282b21800 JavaThread "main" [_thread_blocked, id=14760, stack(0x000000ee65d00000,0x000000ee65e00000)]
  0x000001f2a1bd2000 JavaThread "Reference Handler" daemon [_thread_blocked, id=14800, stack(0x000000ee66400000,0x000000ee66500000)]
  0x000001f2a1bd3000 JavaThread "Finalizer" daemon [_thread_blocked, id=14804, stack(0x000000ee66500000,0x000000ee66600000)]
  0x000001f2a1c36000 JavaThread "Signal Dispatcher" daemon [_thread_blocked, id=14836, stack(0x000000ee66600000,0x000000ee66700000)]
  0x000001f2a1c37000 JavaThread "Attach Listener" daemon [_thread_blocked, id=14840, stack(0x000000ee66700000,0x000000ee66800000)]
  0x000001f2a1c38000 JavaThread "Service Thread" daemon [_thread_blocked, id=14844, stack(0x000000ee66800000,0x000000ee66900000)]
=>0x000001f2a1c3d800 JavaThread "C2 CompilerThread0" daemon [_thread_in_native, id=14848, stack(0x000000ee66900000,0x000000ee66a00000)]
  0x000001f2a1c3e800 JavaThread "C1 CompilerThread0" daemon [_thread_blocked, id=14856, stack(0x000000ee66a00000,0x000000ee66b00000)]
  0x000001f2a1ca4800 JavaThread "Sweeper thread" daemon [_thread_blocked, id=14864, stack(0x000000ee66b00000,0x000000ee66c00000)]
  0x000001f2a1dcb000 JavaThread "Common-Cleaner" daemon [_thread_blocked, id=14872, stack(0x000000ee66c00000,0x000000ee66d00000)]
  0x000001f2a47fd000 JavaThread "Daemon health stats" [_thread_blocked, id=2868, stack(0x000000ee67200000,0x000000ee67300000)]
  0x000001f2a3169000 JavaThread "Incoming local TCP Connector on port 50247" [_thread_in_native, id=12352, stack(0x000000ee67100000,0x000000ee67200000)]
  0x000001f2a51a0000 JavaThread "Daemon periodic checks" [_thread_blocked, id=8444, stack(0x000000ee67300000,0x000000ee67400000)]
  0x000001f2a32d9800 JavaThread "Daemon" [_thread_blocked, id=8636, stack(0x000000ee67400000,0x000000ee67500000)]
  0x000001f2a35e6800 JavaThread "Handler for socket connection from /127.0.0.1:50247 to /127.0.0.1:50248" [_thread_in_native, id=8632, stack(0x000000ee67500000,0x000000ee67600000)]
  0x000001f2a2be3000 JavaThread "Cancel handler" [_thread_blocked, id=8588, stack(0x000000ee67600000,0x000000ee67700000)]
  0x000001f2a3708800 JavaThread "Daemon worker" [_thread_in_vm_trans, id=8584, stack(0x000000ee67700000,0x000000ee67800000)]
  0x000001f2a3709000 JavaThread "Asynchronous log dispatcher for DefaultDaemonConnection: socket connection from /127.0.0.1:50247 to /127.0.0.1:50248" [_thread_blocked, id=2520, stack(0x000000ee67800000,0x000000ee67900000)]
  0x000001f2a47e3800 JavaThread "Daemon client event forwarder" [_thread_blocked, id=6500, stack(0x000000ee67a00000,0x000000ee67b00000)]
  0x000001f2a3004000 JavaThread "Cache worker for journal cache (C:\Users\Kamaldeep\.gradle\caches\journal-1)" [_thread_blocked, id=11412, stack(0x000000ee67b00000,0x000000ee67c00000)]
  0x000001f2a3002800 JavaThread "File lock request listener" [_thread_in_native, id=7456, stack(0x000000ee67c00000,0x000000ee67d00000)]
  0x000001f2a3004800 JavaThread "Cache worker for file hash cache (C:\Users\Kamaldeep\.gradle\caches\8.0.1\fileHashes)" [_thread_blocked, id=14460, stack(0x000000ee67d00000,0x000000ee67e00000)]
  0x000001f2a2fff000 JavaThread "File lock release action executor" [_thread_blocked, id=14416, stack(0x000000ee67e00000,0x000000ee67f00000)]
  0x000001f2a3003000 JavaThread "File watcher server" daemon [_thread_in_native, id=3008, stack(0x000000ee67f00000,0x000000ee68000000)]
  0x000001f2a3000000 JavaThread "File watcher consumer" daemon [_thread_blocked, id=7376, stack(0x000000ee68000000,0x000000ee68100000)]
  0x000001f2a3005800 JavaThread "Cache worker for checksums cache (C:\Users\Kamaldeep\Desktop\New folder\demo\android\.gradle\8.0.1\checksums)" [_thread_blocked, id=13940, stack(0x000000ee68100000,0x000000ee68200000)]
  0x000001f2a3000800 JavaThread "Cache worker for cache directory md-rule (C:\Users\Kamaldeep\.gradle\caches\8.0.1\md-rule)" [_thread_blocked, id=2032, stack(0x000000ee68200000,0x000000ee68300000)]
  0x000001f2a3001800 JavaThread "Cache worker for file content cache (C:\Users\Kamaldeep\.gradle\caches\8.0.1\fileContent)" [_thread_blocked, id=11840, stack(0x000000ee68300000,0x000000ee68400000)]
  0x000001f2a338f800 JavaThread "Cache worker for file hash cache (C:\Users\Kamaldeep\Desktop\New folder\demo\android\.gradle\8.0.1\fileHashes)" [_thread_blocked, id=4796, stack(0x000000ee68400000,0x000000ee68500000)]
  0x000001f2a338e000 JavaThread "Cache worker for cache directory md-supplier (C:\Users\Kamaldeep\.gradle\caches\8.0.1\md-supplier)" [_thread_blocked, id=11692, stack(0x000000ee68500000,0x000000ee68600000)]
  0x000001f2a338d800 JavaThread "Cache worker for execution history cache (C:\Users\Kamaldeep\.gradle\caches\8.0.1\executionHistory)" [_thread_blocked, id=15036, stack(0x000000ee68600000,0x000000ee68700000)]
  0x000001f2a3390800 JavaThread "jar transforms" [_thread_blocked, id=13796, stack(0x000000ee68800000,0x000000ee68900000)]
  0x000001f2a3391800 JavaThread "jar transforms Thread 2" [_thread_blocked, id=2456, stack(0x000000ee68700000,0x000000ee68800000)]
  0x000001f2a3392000 JavaThread "jar transforms Thread 3" [_thread_blocked, id=8044, stack(0x000000ee68900000,0x000000ee68a00000)]
  0x000001f2a761d800 JavaThread "jar transforms Thread 4" [_thread_blocked, id=12788, stack(0x000000ee68a00000,0x000000ee68b00000)]
  0x000001f2a761e000 JavaThread "Cache worker for kotlin-dsl (C:\Users\Kamaldeep\.gradle\caches\8.0.1\kotlin-dsl)" [_thread_blocked, id=5900, stack(0x000000ee68e00000,0x000000ee68f00000)]
  0x000001f2a7619800 JavaThread "Cache worker for dependencies-accessors (C:\Users\Kamaldeep\Desktop\New folder\demo\android\.gradle\8.0.1\dependencies-accessors)" [_thread_blocked, id=11548, stack(0x000000ee68d00000,0x000000ee68e00000)]
  0x000001f2a7618800 JavaThread "Cache worker for Build Output Cleanup Cache (C:\Users\Kamaldeep\Desktop\New folder\demo\node_modules\@react-native\gradle-plugin\.gradle\buildOutputCleanup)" [_thread_blocked, id=11188, stack(0x000000ee68f00000,0x000000ee69000000)]
  0x000001f2a761f000 JavaThread "Unconstrained build operations" [_thread_blocked, id=11496, stack(0x000000ee69000000,0x000000ee69100000)]
  0x000001f2a761c800 JavaThread "Unconstrained build operations Thread 2" [_thread_blocked, id=10748, stack(0x000000ee69100000,0x000000ee69200000)]
  0x000001f2a761a000 JavaThread "Unconstrained build operations Thread 3" [_thread_blocked, id=14956, stack(0x000000ee69200000,0x000000ee69300000)]
  0x000001f2a7620000 JavaThread "Unconstrained build operations Thread 4" [_thread_blocked, id=6660, stack(0x000000ee69300000,0x000000ee69400000)]
  0x000001f2a761b800 JavaThread "Unconstrained build operations Thread 5" [_thread_blocked, id=7056, stack(0x000000ee69400000,0x000000ee69500000)]
  0x000001f2a7620800 JavaThread "Unconstrained build operations Thread 6" [_thread_blocked, id=2864, stack(0x000000ee69500000,0x000000ee69600000)]
  0x000001f2a761b000 JavaThread "Unconstrained build operations Thread 7" [_thread_blocked, id=1712, stack(0x000000ee69600000,0x000000ee69700000)]
  0x000001f2a7624800 JavaThread "Unconstrained build operations Thread 8" [_thread_blocked, id=2536, stack(0x000000ee69700000,0x000000ee69800000)]
  0x000001f2a7624000 JavaThread "Unconstrained build operations Thread 9" [_thread_blocked, id=1616, stack(0x000000ee69800000,0x000000ee69900000)]
  0x000001f2a7623000 JavaThread "Unconstrained build operations Thread 10" [_thread_blocked, id=308, stack(0x000000ee69900000,0x000000ee69a00000)]
  0x000001f2a7625800 JavaThread "Unconstrained build operations Thread 11" [_thread_blocked, id=6524, stack(0x000000ee69a00000,0x000000ee69b00000)]
  0x000001f2a7626800 JavaThread "Unconstrained build operations Thread 12" [_thread_blocked, id=7644, stack(0x000000ee69b00000,0x000000ee69c00000)]
  0x000001f2a7627000 JavaThread "Unconstrained build operations Thread 13" [_thread_blocked, id=13096, stack(0x000000ee69c00000,0x000000ee69d00000)]
  0x000001f2a7622000 JavaThread "Unconstrained build operations Thread 14" [_thread_blocked, id=6632, stack(0x000000ee69d00000,0x000000ee69e00000)]
  0x000001f2a7621800 JavaThread "Unconstrained build operations Thread 15" [_thread_blocked, id=1332, stack(0x000000ee69e00000,0x000000ee69f00000)]
  0x000001f2a5954800 JavaThread "Unconstrained build operations Thread 16" [_thread_blocked, id=9144, stack(0x000000ee69f00000,0x000000ee6a000000)]
  0x000001f2a5957000 JavaThread "Unconstrained build operations Thread 17" [_thread_blocked, id=14980, stack(0x000000ee6a000000,0x000000ee6a100000)]
  0x000001f2a5958800 JavaThread "Unconstrained build operations Thread 18" [_thread_blocked, id=14976, stack(0x000000ee6a100000,0x000000ee6a200000)]
  0x000001f2a5953800 JavaThread "Unconstrained build operations Thread 19" [_thread_blocked, id=6156, stack(0x000000ee6a200000,0x000000ee6a300000)]
  0x000001f2a595a000 JavaThread "Unconstrained build operations Thread 20" [_thread_blocked, id=6928, stack(0x000000ee6a300000,0x000000ee6a400000)]
  0x000001f2a5956000 JavaThread "Unconstrained build operations Thread 21" [_thread_blocked, id=11732, stack(0x000000ee6a400000,0x000000ee6a500000)]
  0x000001f2a5959000 JavaThread "Unconstrained build operations Thread 22" [_thread_blocked, id=14292, stack(0x000000ee6a500000,0x000000ee6a600000)]
  0x000001f2a595b000 JavaThread "Unconstrained build operations Thread 23" [_thread_blocked, id=13420, stack(0x000000ee6a600000,0x000000ee6a700000)]
  0x000001f2a5957800 JavaThread "Unconstrained build operations Thread 24" [_thread_blocked, id=12556, stack(0x000000ee6a700000,0x000000ee6a800000)]
  0x000001f2a5955000 JavaThread "Unconstrained build operations Thread 25" [_thread_blocked, id=14996, stack(0x000000ee6a800000,0x000000ee6a900000)]
  0x000001f2a595c800 JavaThread "Unconstrained build operations Thread 26" [_thread_blocked, id=12736, stack(0x000000ee6a900000,0x000000ee6aa00000)]
  0x000001f2a5960000 JavaThread "Memory manager" [_thread_blocked, id=13276, stack(0x000000ee65b00000,0x000000ee65c00000)]
  0x000001f2a5960800 JavaThread "Cache worker for Build Output Cleanup Cache (C:\Users\Kamaldeep\Desktop\New folder\demo\android\.gradle\buildOutputCleanup)" [_thread_blocked, id=4864, stack(0x000000ee65c00000,0x000000ee65d00000)]
  0x000001f2a5961800 JavaThread "included builds" [_thread_blocked, id=14756, stack(0x000000ee6ab00000,0x000000ee6ac00000)]
  0x000001f2a595d800 JavaThread "Execution worker" [_thread_blocked, id=5884, stack(0x000000ee6ac00000,0x000000ee6ad00000)]
  0x000001f2a595b800 JavaThread "Execution worker Thread 2" [_thread_blocked, id=5492, stack(0x000000ee6ad00000,0x000000ee6ae00000)]
  0x000001f2a5962000 JavaThread "Execution worker Thread 3" [_thread_blocked, id=14428, stack(0x000000ee6ae00000,0x000000ee6af00000)]
  0x000001f2a595e000 JavaThread "Cache worker for execution history cache (C:\Users\Kamaldeep\Desktop\New folder\demo\node_modules\@react-native\gradle-plugin\.gradle\8.0.1\executionHistory)" [_thread_blocked, id=13536, stack(0x000000ee6af00000,0x000000ee6b000000)]
  0x000001f2a595f000 JavaThread "Unconstrained build operations Thread 27" [_thread_blocked, id=5916, stack(0x000000ee6aa00000,0x000000ee6ab00000)]
  0x000001f2a591a000 JavaThread "Unconstrained build operations Thread 28" [_thread_blocked, id=14752, stack(0x000000ee6b000000,0x000000ee6b100000)]
  0x000001f2a5918800 JavaThread "Unconstrained build operations Thread 29" [_thread_blocked, id=6408, stack(0x000000ee6b100000,0x000000ee6b200000)]
  0x000001f2a5919000 JavaThread "Unconstrained build operations Thread 30" [_thread_blocked, id=13216, stack(0x000000ee6b200000,0x000000ee6b300000)]
  0x000001f2a591b000 JavaThread "Unconstrained build operations Thread 31" [_thread_blocked, id=14540, stack(0x000000ee67900000,0x000000ee67a00000)]
  0x000001f2a591b800 JavaThread "Unconstrained build operations Thread 32" [_thread_blocked, id=14880, stack(0x000000ee6b300000,0x000000ee6b400000)]
  0x000001f2a591c800 JavaThread "Unconstrained build operations Thread 33" [_thread_blocked, id=14712, stack(0x000000ee6b400000,0x000000ee6b500000)]
  0x000001f2a591d800 JavaThread "Unconstrained build operations Thread 34" [_thread_blocked, id=8236, stack(0x000000ee6b500000,0x000000ee6b600000)]
  0x000001f2a5917800 JavaThread "Unconstrained build operations Thread 35" [_thread_blocked, id=11480, stack(0x000000ee6b600000,0x000000ee6b700000)]
  0x000001f2a5923000 JavaThread "Unconstrained build operations Thread 36" [_thread_blocked, id=6264, stack(0x000000ee6b700000,0x000000ee6b800000)]
  0x000001f2a5922000 JavaThread "Unconstrained build operations Thread 37" [_thread_blocked, id=7908, stack(0x000000ee6b800000,0x000000ee6b900000)]
  0x000001f2a5921800 JavaThread "Unconstrained build operations Thread 38" [_thread_blocked, id=6708, stack(0x000000ee6b900000,0x000000ee6ba00000)]
  0x000001f2a591e000 JavaThread "Unconstrained build operations Thread 39" [_thread_blocked, id=1152, stack(0x000000ee6ba00000,0x000000ee6bb00000)]
  0x000001f2a5924000 JavaThread "Unconstrained build operations Thread 40" [_thread_blocked, id=13284, stack(0x000000ee6bb00000,0x000000ee6bc00000)]

Other Threads:
  0x000001f2a1bd0800 VMThread "VM Thread" [stack: 0x000000ee66300000,0x000000ee66400000] [id=14784]
  0x000001f2a1de4000 WatcherThread [stack: 0x000000ee66d00000,0x000000ee66e00000] [id=14876]
  0x000001f282b3a000 GCTaskThread "GC Thread#0" [stack: 0x000000ee65e00000,0x000000ee65f00000] [id=14764]
  0x000001f2a2471800 GCTaskThread "GC Thread#1" [stack: 0x000000ee66e00000,0x000000ee66f00000] [id=15172]
  0x000001f2a2472000 GCTaskThread "GC Thread#2" [stack: 0x000000ee66f00000,0x000000ee67000000] [id=15176]
  0x000001f2a22d1800 GCTaskThread "GC Thread#3" [stack: 0x000000ee67000000,0x000000ee67100000] [id=15180]
  0x000001f282b6c800 ConcurrentGCThread "G1 Main Marker" [stack: 0x000000ee65f00000,0x000000ee66000000] [id=14768]
  0x000001f282b6e000 ConcurrentGCThread "G1 Conc#0" [stack: 0x000000ee66000000,0x000000ee66100000] [id=14772]
  0x000001f282bfe000 ConcurrentGCThread "G1 Refine#0" [stack: 0x000000ee66100000,0x000000ee66200000] [id=14776]
  0x000001f2a1238800 ConcurrentGCThread "G1 Young RemSet Sampling" [stack: 0x000000ee66200000,0x000000ee66300000] [id=14780]

Threads with active compile tasks:
C2 CompilerThread0    93544 9323       4       java.lang.Class::getMethodsRecursive (99 bytes)

VM state:not at safepoint (normal execution)

VM Mutex/Monitor currently owned by a thread: None

Heap address: 0x0000000080000000, size: 2048 MB, Compressed Oops mode: 32-bit
Narrow klass base: 0x0000000000000000, Narrow klass shift: 3
Compressed class space size: 528482304 Address: 0x0000000100000000

Heap:
 garbage-first heap   total 262144K, used 135168K [0x0000000080000000, 0x0000000100000000)
  region size 1024K, 82 young (83968K), 18 survivors (18432K)
 Metaspace       used 84991K, capacity 87442K, committed 87592K, reserved 591872K
  class space    used 10950K, capacity 11949K, committed 11992K, reserved 516096K
Heap Regions: E=young(eden), S=young(survivor), O=old, HS=humongous(starts), HC=humongous(continues), CS=collection set, F=free, A=archive, TAMS=top-at-mark-start (previous, next)
|   0|0x0000000080000000, 0x0000000080100000, 0x0000000080100000|100%| O|  |TAMS 0x0000000080100000, 0x0000000080000000| Untracked 
|   1|0x0000000080100000, 0x0000000080200000, 0x0000000080200000|100%| O|  |TAMS 0x0000000080200000, 0x0000000080100000| Untracked 
|   2|0x0000000080200000, 0x0000000080300000, 0x0000000080300000|100%| O|  |TAMS 0x0000000080300000, 0x0000000080200000| Untracked 
|   3|0x0000000080300000, 0x0000000080400000, 0x0000000080400000|100%|HS|  |TAMS 0x0000000080400000, 0x0000000080300000| Complete 
|   4|0x0000000080400000, 0x0000000080500000, 0x0000000080500000|100%|HC|  |TAMS 0x0000000080500000, 0x0000000080400000| Complete 
|   5|0x0000000080500000, 0x0000000080600000, 0x0000000080600000|100%|HC|  |TAMS 0x0000000080600000, 0x0000000080500000| Complete 
|   6|0x0000000080600000, 0x0000000080700000, 0x0000000080700000|100%|HC|  |TAMS 0x0000000080700000, 0x0000000080600000| Complete 
|   7|0x0000000080700000, 0x0000000080800000, 0x0000000080800000|100%| O|  |TAMS 0x0000000080800000, 0x0000000080700000| Untracked 
|   8|0x0000000080800000, 0x0000000080900000, 0x0000000080900000|100%| O|  |TAMS 0x0000000080900000, 0x0000000080800000| Untracked 
|   9|0x0000000080900000, 0x0000000080a00000, 0x0000000080a00000|100%| O|  |TAMS 0x0000000080a00000, 0x0000000080900000| Untracked 
|  10|0x0000000080a00000, 0x0000000080b00000, 0x0000000080b00000|100%| O|  |TAMS 0x0000000080b00000, 0x0000000080a00000| Untracked 
|  11|0x0000000080b00000, 0x0000000080c00000, 0x0000000080c00000|100%| O|  |TAMS 0x0000000080c00000, 0x0000000080b00000| Untracked 
|  12|0x0000000080c00000, 0x0000000080d00000, 0x0000000080d00000|100%| O|  |TAMS 0x0000000080d00000, 0x0000000080c00000| Untracked 
|  13|0x0000000080d00000, 0x0000000080e00000, 0x0000000080e00000|100%| O|  |TAMS 0x0000000080e00000, 0x0000000080d00000| Untracked 
|  14|0x0000000080e00000, 0x0000000080f00000, 0x0000000080f00000|100%| O|  |TAMS 0x0000000080f00000, 0x0000000080e00000| Untracked 
|  15|0x0000000080f00000, 0x0000000081000000, 0x0000000081000000|100%| O|  |TAMS 0x0000000081000000, 0x0000000080f00000| Untracked 
|  16|0x0000000081000000, 0x0000000081100000, 0x0000000081100000|100%| O|  |TAMS 0x0000000081100000, 0x0000000081000000| Untracked 
|  17|0x0000000081100000, 0x0000000081200000, 0x0000000081200000|100%| O|  |TAMS 0x0000000081200000, 0x0000000081100000| Untracked 
|  18|0x0000000081200000, 0x0000000081300000, 0x0000000081300000|100%| O|  |TAMS 0x0000000081300000, 0x0000000081200000| Untracked 
|  19|0x0000000081300000, 0x0000000081400000, 0x0000000081400000|100%| O|  |TAMS 0x0000000081400000, 0x0000000081300000| Untracked 
|  20|0x0000000081400000, 0x0000000081500000, 0x0000000081500000|100%| O|  |TAMS 0x0000000081500000, 0x0000000081400000| Untracked 
|  21|0x0000000081500000, 0x0000000081600000, 0x0000000081600000|100%| O|  |TAMS 0x0000000081600000, 0x0000000081500000| Untracked 
|  22|0x0000000081600000, 0x0000000081700000, 0x0000000081700000|100%| O|  |TAMS 0x0000000081700000, 0x0000000081600000| Untracked 
|  23|0x0000000081700000, 0x0000000081800000, 0x0000000081800000|100%| O|  |TAMS 0x0000000081800000, 0x0000000081700000| Untracked 
|  24|0x0000000081800000, 0x0000000081900000, 0x0000000081900000|100%| O|  |TAMS 0x0000000081900000, 0x0000000081800000| Untracked 
|  25|0x0000000081900000, 0x0000000081a00000, 0x0000000081a00000|100%|HS|  |TAMS 0x0000000081a00000, 0x0000000081900000| Complete 
|  26|0x0000000081a00000, 0x0000000081b00000, 0x0000000081b00000|100%|HC|  |TAMS 0x0000000081b00000, 0x0000000081a00000| Complete 
|  27|0x0000000081b00000, 0x0000000081c00000, 0x0000000081c00000|100%|HS|  |TAMS 0x0000000081c00000, 0x0000000081b00000| Complete 
|  28|0x0000000081c00000, 0x0000000081d00000, 0x0000000081d00000|100%|HC|  |TAMS 0x0000000081d00000, 0x0000000081c00000| Complete 
|  29|0x0000000081d00000, 0x0000000081e00000, 0x0000000081e00000|100%|HC|  |TAMS 0x0000000081e00000, 0x0000000081d00000| Complete 
|  30|0x0000000081e00000, 0x0000000081f00000, 0x0000000081f00000|100%|HC|  |TAMS 0x0000000081f00000, 0x0000000081e00000| Complete 
|  31|0x0000000081f00000, 0x0000000082000000, 0x0000000082000000|100%| O|  |TAMS 0x0000000082000000, 0x0000000081f00000| Untracked 
|  32|0x0000000082000000, 0x0000000082100000, 0x0000000082100000|100%| O|  |TAMS 0x0000000082100000, 0x0000000082000000| Untracked 
|  33|0x0000000082100000, 0x0000000082200000, 0x0000000082200000|100%| O|  |TAMS 0x0000000082200000, 0x0000000082100000| Untracked 
|  34|0x0000000082200000, 0x0000000082300000, 0x0000000082300000|100%| O|  |TAMS 0x0000000082300000, 0x0000000082200000| Untracked 
|  35|0x0000000082300000, 0x0000000082400000, 0x0000000082400000|100%| O|  |TAMS 0x0000000082400000, 0x0000000082300000| Untracked 
|  36|0x0000000082400000, 0x0000000082500000, 0x0000000082500000|100%| O|  |TAMS 0x0000000082500000, 0x0000000082400000| Untracked 
|  37|0x0000000082500000, 0x0000000082600000, 0x0000000082600000|100%| O|  |TAMS 0x0000000082600000, 0x0000000082500000| Untracked 
|  38|0x0000000082600000, 0x0000000082700000, 0x0000000082700000|100%| O|  |TAMS 0x0000000082700000, 0x0000000082600000| Untracked 
|  39|0x0000000082700000, 0x0000000082800000, 0x0000000082800000|100%| O|  |TAMS 0x0000000082800000, 0x0000000082700000| Untracked 
|  40|0x0000000082800000, 0x0000000082900000, 0x0000000082900000|100%| O|  |TAMS 0x0000000082900000, 0x0000000082800000| Untracked 
|  41|0x0000000082900000, 0x0000000082a00000, 0x0000000082a00000|100%| O|  |TAMS 0x0000000082a00000, 0x0000000082900000| Untracked 
|  42|0x0000000082a00000, 0x0000000082b00000, 0x0000000082b00000|100%| O|  |TAMS 0x0000000082b00000, 0x0000000082a00000| Untracked 
|  43|0x0000000082b00000, 0x0000000082c00000, 0x0000000082c00000|100%| O|  |TAMS 0x0000000082b8c400, 0x0000000082b00000| Untracked 
|  44|0x0000000082c00000, 0x0000000082d00000, 0x0000000082d00000|100%|HS|  |TAMS 0x0000000082c00000, 0x0000000082c00000| Complete 
|  45|0x0000000082d00000, 0x0000000082e00000, 0x0000000082e00000|100%|HS|  |TAMS 0x0000000082d00000, 0x0000000082d00000| Complete 
|  46|0x0000000082e00000, 0x0000000082f00000, 0x0000000082f00000|100%|HS|  |TAMS 0x0000000082e00000, 0x0000000082e00000| Complete 
|  47|0x0000000082f00000, 0x0000000082f00000, 0x0000000083000000|  0%| F|  |TAMS 0x0000000082f00000, 0x0000000082f00000| Untracked 
|  48|0x0000000083000000, 0x0000000083000000, 0x0000000083100000|  0%| F|  |TAMS 0x0000000083000000, 0x0000000083000000| Untracked 
|  49|0x0000000083100000, 0x0000000083100000, 0x0000000083200000|  0%| F|  |TAMS 0x0000000083100000, 0x0000000083100000| Untracked 
|  50|0x0000000083200000, 0x0000000083200000, 0x0000000083300000|  0%| F|  |TAMS 0x0000000083200000, 0x0000000083200000| Untracked 
|  51|0x0000000083300000, 0x0000000083300000, 0x0000000083400000|  0%| F|  |TAMS 0x0000000083300000, 0x0000000083300000| Untracked 
|  52|0x0000000083400000, 0x0000000083400000, 0x0000000083500000|  0%| F|  |TAMS 0x0000000083400000, 0x0000000083400000| Untracked 
|  53|0x0000000083500000, 0x0000000083500000, 0x0000000083600000|  0%| F|  |TAMS 0x0000000083500000, 0x0000000083500000| Untracked 
|  54|0x0000000083600000, 0x0000000083700000, 0x0000000083700000|100%| O|  |TAMS 0x0000000083600000, 0x0000000083600000| Untracked 
|  55|0x0000000083700000, 0x0000000083800000, 0x0000000083800000|100%| O|  |TAMS 0x0000000083700000, 0x0000000083700000| Untracked 
|  56|0x0000000083800000, 0x0000000083900000, 0x0000000083900000|100%| O|  |TAMS 0x0000000083800000, 0x0000000083800000| Untracked 
|  57|0x0000000083900000, 0x0000000083a00000, 0x0000000083a00000|100%| O|  |TAMS 0x0000000083900000, 0x0000000083900000| Untracked 
|  58|0x0000000083a00000, 0x0000000083a00000, 0x0000000083b00000|  0%| F|  |TAMS 0x0000000083a00000, 0x0000000083a00000| Untracked 
|  59|0x0000000083b00000, 0x0000000083b00000, 0x0000000083c00000|  0%| F|  |TAMS 0x0000000083b00000, 0x0000000083b00000| Untracked 
|  60|0x0000000083c00000, 0x0000000083c00000, 0x0000000083d00000|  0%| F|  |TAMS 0x0000000083c00000, 0x0000000083c00000| Untracked 
|  61|0x0000000083d00000, 0x0000000083d00000, 0x0000000083e00000|  0%| F|  |TAMS 0x0000000083d00000, 0x0000000083d00000| Untracked 
|  62|0x0000000083e00000, 0x0000000083e00000, 0x0000000083f00000|  0%| F|  |TAMS 0x0000000083e00000, 0x0000000083e00000| Untracked 
|  63|0x0000000083f00000, 0x0000000083f00000, 0x0000000084000000|  0%| F|  |TAMS 0x0000000083f00000, 0x0000000083f00000| Untracked 
|  64|0x0000000084000000, 0x0000000084000000, 0x0000000084100000|  0%| F|  |TAMS 0x0000000084000000, 0x0000000084000000| Untracked 
|  65|0x0000000084100000, 0x0000000084100000, 0x0000000084200000|  0%| F|  |TAMS 0x0000000084100000, 0x0000000084100000| Untracked 
|  66|0x0000000084200000, 0x0000000084200000, 0x0000000084300000|  0%| F|  |TAMS 0x0000000084200000, 0x0000000084200000| Untracked 
|  67|0x0000000084300000, 0x0000000084300000, 0x0000000084400000|  0%| F|  |TAMS 0x0000000084300000, 0x0000000084300000| Untracked 
|  68|0x0000000084400000, 0x0000000084400000, 0x0000000084500000|  0%| F|  |TAMS 0x0000000084400000, 0x0000000084400000| Untracked 
|  69|0x0000000084500000, 0x0000000084500000, 0x0000000084600000|  0%| F|  |TAMS 0x0000000084500000, 0x0000000084500000| Untracked 
|  70|0x0000000084600000, 0x0000000084600000, 0x0000000084700000|  0%| F|  |TAMS 0x0000000084600000, 0x0000000084600000| Untracked 
|  71|0x0000000084700000, 0x0000000084700000, 0x0000000084800000|  0%| F|  |TAMS 0x0000000084700000, 0x0000000084700000| Untracked 
|  72|0x0000000084800000, 0x0000000084800000, 0x0000000084900000|  0%| F|  |TAMS 0x0000000084800000, 0x0000000084800000| Untracked 
|  73|0x0000000084900000, 0x0000000084900000, 0x0000000084a00000|  0%| F|  |TAMS 0x0000000084900000, 0x0000000084900000| Untracked 
|  74|0x0000000084a00000, 0x0000000084a00000, 0x0000000084b00000|  0%| F|  |TAMS 0x0000000084a00000, 0x0000000084a00000| Untracked 
|  75|0x0000000084b00000, 0x0000000084b00000, 0x0000000084c00000|  0%| F|  |TAMS 0x0000000084b00000, 0x0000000084b00000| Untracked 
|  76|0x0000000084c00000, 0x0000000084c00000, 0x0000000084d00000|  0%| F|  |TAMS 0x0000000084c00000, 0x0000000084c00000| Untracked 
|  77|0x0000000084d00000, 0x0000000084d00000, 0x0000000084e00000|  0%| F|  |TAMS 0x0000000084d00000, 0x0000000084d00000| Untracked 
|  78|0x0000000084e00000, 0x0000000084e00000, 0x0000000084f00000|  0%| F|  |TAMS 0x0000000084e00000, 0x0000000084e00000| Untracked 
|  79|0x0000000084f00000, 0x0000000084f00000, 0x0000000085000000|  0%| F|  |TAMS 0x0000000084f00000, 0x0000000084f00000| Untracked 
|  80|0x0000000085000000, 0x0000000085000000, 0x0000000085100000|  0%| F|  |TAMS 0x0000000085000000, 0x0000000085000000| Untracked 
|  81|0x0000000085100000, 0x0000000085100000, 0x0000000085200000|  0%| F|  |TAMS 0x0000000085100000, 0x0000000085100000| Untracked 
|  82|0x0000000085200000, 0x0000000085200000, 0x0000000085300000|  0%| F|  |TAMS 0x0000000085200000, 0x0000000085200000| Untracked 
|  83|0x0000000085300000, 0x0000000085300000, 0x0000000085400000|  0%| F|  |TAMS 0x0000000085300000, 0x0000000085300000| Untracked 
|  84|0x0000000085400000, 0x0000000085400000, 0x0000000085500000|  0%| F|  |TAMS 0x0000000085400000, 0x0000000085400000| Untracked 
|  85|0x0000000085500000, 0x0000000085500000, 0x0000000085600000|  0%| F|  |TAMS 0x0000000085500000, 0x0000000085500000| Untracked 
|  86|0x0000000085600000, 0x0000000085600000, 0x0000000085700000|  0%| F|  |TAMS 0x0000000085600000, 0x0000000085600000| Untracked 
|  87|0x0000000085700000, 0x0000000085700000, 0x0000000085800000|  0%| F|  |TAMS 0x0000000085700000, 0x0000000085700000| Untracked 
|  88|0x0000000085800000, 0x0000000085800000, 0x0000000085900000|  0%| F|  |TAMS 0x0000000085800000, 0x0000000085800000| Untracked 
|  89|0x0000000085900000, 0x0000000085900000, 0x0000000085a00000|  0%| F|  |TAMS 0x0000000085900000, 0x0000000085900000| Untracked 
|  90|0x0000000085a00000, 0x0000000085a00000, 0x0000000085b00000|  0%| F|  |TAMS 0x0000000085a00000, 0x0000000085a00000| Untracked 
|  91|0x0000000085b00000, 0x0000000085b00000, 0x0000000085c00000|  0%| F|  |TAMS 0x0000000085b00000, 0x0000000085b00000| Untracked 
|  92|0x0000000085c00000, 0x0000000085c00000, 0x0000000085d00000|  0%| F|  |TAMS 0x0000000085c00000, 0x0000000085c00000| Untracked 
|  93|0x0000000085d00000, 0x0000000085d00000, 0x0000000085e00000|  0%| F|  |TAMS 0x0000000085d00000, 0x0000000085d00000| Untracked 
|  94|0x0000000085e00000, 0x0000000085e00000, 0x0000000085f00000|  0%| F|  |TAMS 0x0000000085e00000, 0x0000000085e00000| Untracked 
|  95|0x0000000085f00000, 0x0000000085f00000, 0x0000000086000000|  0%| F|  |TAMS 0x0000000085f00000, 0x0000000085f00000| Untracked 
|  96|0x0000000086000000, 0x0000000086000000, 0x0000000086100000|  0%| F|  |TAMS 0x0000000086000000, 0x0000000086000000| Untracked 
|  97|0x0000000086100000, 0x0000000086100000, 0x0000000086200000|  0%| F|  |TAMS 0x0000000086100000, 0x0000000086100000| Untracked 
|  98|0x0000000086200000, 0x0000000086200000, 0x0000000086300000|  0%| F|  |TAMS 0x0000000086200000, 0x0000000086200000| Untracked 
|  99|0x0000000086300000, 0x0000000086300000, 0x0000000086400000|  0%| F|  |TAMS 0x0000000086300000, 0x0000000086300000| Untracked 
| 100|0x0000000086400000, 0x0000000086500000, 0x0000000086500000|100%| S|CS|TAMS 0x0000000086400000, 0x0000000086400000| Complete 
| 101|0x0000000086500000, 0x0000000086600000, 0x0000000086600000|100%| S|CS|TAMS 0x0000000086500000, 0x0000000086500000| Complete 
| 102|0x0000000086600000, 0x0000000086700000, 0x0000000086700000|100%| S|CS|TAMS 0x0000000086600000, 0x0000000086600000| Complete 
| 103|0x0000000086700000, 0x0000000086800000, 0x0000000086800000|100%| S|CS|TAMS 0x0000000086700000, 0x0000000086700000| Complete 
| 104|0x0000000086800000, 0x0000000086900000, 0x0000000086900000|100%| S|CS|TAMS 0x0000000086800000, 0x0000000086800000| Complete 
| 105|0x0000000086900000, 0x0000000086a00000, 0x0000000086a00000|100%| S|CS|TAMS 0x0000000086900000, 0x0000000086900000| Complete 
| 106|0x0000000086a00000, 0x0000000086b00000, 0x0000000086b00000|100%| S|CS|TAMS 0x0000000086a00000, 0x0000000086a00000| Complete 
| 107|0x0000000086b00000, 0x0000000086c00000, 0x0000000086c00000|100%| S|CS|TAMS 0x0000000086b00000, 0x0000000086b00000| Complete 
| 108|0x0000000086c00000, 0x0000000086d00000, 0x0000000086d00000|100%| S|CS|TAMS 0x0000000086c00000, 0x0000000086c00000| Complete 
| 109|0x0000000086d00000, 0x0000000086e00000, 0x0000000086e00000|100%| S|CS|TAMS 0x0000000086d00000, 0x0000000086d00000| Complete 
| 110|0x0000000086e00000, 0x0000000086f00000, 0x0000000086f00000|100%| S|CS|TAMS 0x0000000086e00000, 0x0000000086e00000| Complete 
| 111|0x0000000086f00000, 0x0000000087000000, 0x0000000087000000|100%| S|CS|TAMS 0x0000000086f00000, 0x0000000086f00000| Complete 
| 112|0x0000000087000000, 0x0000000087100000, 0x0000000087100000|100%| S|CS|TAMS 0x0000000087000000, 0x0000000087000000| Complete 
| 113|0x0000000087100000, 0x0000000087200000, 0x0000000087200000|100%| S|CS|TAMS 0x0000000087100000, 0x0000000087100000| Complete 
| 114|0x0000000087200000, 0x0000000087300000, 0x0000000087300000|100%| S|CS|TAMS 0x0000000087200000, 0x0000000087200000| Complete 
| 115|0x0000000087300000, 0x0000000087400000, 0x0000000087400000|100%| S|CS|TAMS 0x0000000087300000, 0x0000000087300000| Complete 
| 116|0x0000000087400000, 0x0000000087500000, 0x0000000087500000|100%| S|CS|TAMS 0x0000000087400000, 0x0000000087400000| Complete 
| 117|0x0000000087500000, 0x0000000087600000, 0x0000000087600000|100%| S|CS|TAMS 0x0000000087500000, 0x0000000087500000| Complete 
| 118|0x0000000087600000, 0x0000000087600000, 0x0000000087700000|  0%| F|  |TAMS 0x0000000087600000, 0x0000000087600000| Untracked 
| 119|0x0000000087700000, 0x0000000087700000, 0x0000000087800000|  0%| F|  |TAMS 0x0000000087700000, 0x0000000087700000| Untracked 
| 120|0x0000000087800000, 0x0000000087800000, 0x0000000087900000|  0%| F|  |TAMS 0x0000000087800000, 0x0000000087800000| Untracked 
| 121|0x0000000087900000, 0x0000000087900000, 0x0000000087a00000|  0%| F|  |TAMS 0x0000000087900000, 0x0000000087900000| Untracked 
| 122|0x0000000087a00000, 0x0000000087a00000, 0x0000000087b00000|  0%| F|  |TAMS 0x0000000087a00000, 0x0000000087a00000| Untracked 
| 123|0x0000000087b00000, 0x0000000087b00000, 0x0000000087c00000|  0%| F|  |TAMS 0x0000000087b00000, 0x0000000087b00000| Untracked 
| 124|0x0000000087c00000, 0x0000000087c00000, 0x0000000087d00000|  0%| F|  |TAMS 0x0000000087c00000, 0x0000000087c00000| Untracked 
| 125|0x0000000087d00000, 0x0000000087d00000, 0x0000000087e00000|  0%| F|  |TAMS 0x0000000087d00000, 0x0000000087d00000| Untracked 
| 126|0x0000000087e00000, 0x0000000087e00000, 0x0000000087f00000|  0%| F|  |TAMS 0x0000000087e00000, 0x0000000087e00000| Untracked 
| 127|0x0000000087f00000, 0x0000000087f00000, 0x0000000088000000|  0%| F|  |TAMS 0x0000000087f00000, 0x0000000087f00000| Untracked 
| 128|0x0000000088000000, 0x0000000088000000, 0x0000000088100000|  0%| F|  |TAMS 0x0000000088000000, 0x0000000088000000| Untracked 
| 129|0x0000000088100000, 0x0000000088100000, 0x0000000088200000|  0%| F|  |TAMS 0x0000000088100000, 0x0000000088100000| Untracked 
| 130|0x0000000088200000, 0x0000000088200000, 0x0000000088300000|  0%| F|  |TAMS 0x0000000088200000, 0x0000000088200000| Untracked 
| 131|0x0000000088300000, 0x0000000088300000, 0x0000000088400000|  0%| F|  |TAMS 0x0000000088300000, 0x0000000088300000| Untracked 
| 132|0x0000000088400000, 0x0000000088400000, 0x0000000088500000|  0%| F|  |TAMS 0x0000000088400000, 0x0000000088400000| Untracked 
| 133|0x0000000088500000, 0x0000000088500000, 0x0000000088600000|  0%| F|  |TAMS 0x0000000088500000, 0x0000000088500000| Untracked 
| 134|0x0000000088600000, 0x0000000088600000, 0x0000000088700000|  0%| F|  |TAMS 0x0000000088600000, 0x0000000088600000| Untracked 
| 135|0x0000000088700000, 0x0000000088700000, 0x0000000088800000|  0%| F|  |TAMS 0x0000000088700000, 0x0000000088700000| Untracked 
| 136|0x0000000088800000, 0x0000000088800000, 0x0000000088900000|  0%| F|  |TAMS 0x0000000088800000, 0x0000000088800000| Untracked 
| 137|0x0000000088900000, 0x0000000088900000, 0x0000000088a00000|  0%| F|  |TAMS 0x0000000088900000, 0x0000000088900000| Untracked 
| 138|0x0000000088a00000, 0x0000000088a00000, 0x0000000088b00000|  0%| F|  |TAMS 0x0000000088a00000, 0x0000000088a00000| Untracked 
| 139|0x0000000088b00000, 0x0000000088b00000, 0x0000000088c00000|  0%| F|  |TAMS 0x0000000088b00000, 0x0000000088b00000| Untracked 
| 140|0x0000000088c00000, 0x0000000088c00000, 0x0000000088d00000|  0%| F|  |TAMS 0x0000000088c00000, 0x0000000088c00000| Untracked 
| 141|0x0000000088d00000, 0x0000000088d00000, 0x0000000088e00000|  0%| F|  |TAMS 0x0000000088d00000, 0x0000000088d00000| Untracked 
| 142|0x0000000088e00000, 0x0000000088e00000, 0x0000000088f00000|  0%| F|  |TAMS 0x0000000088e00000, 0x0000000088e00000| Untracked 
| 143|0x0000000088f00000, 0x0000000088f00000, 0x0000000089000000|  0%| F|  |TAMS 0x0000000088f00000, 0x0000000088f00000| Untracked 
| 144|0x0000000089000000, 0x0000000089000000, 0x0000000089100000|  0%| F|  |TAMS 0x0000000089000000, 0x0000000089000000| Untracked 
| 145|0x0000000089100000, 0x0000000089100000, 0x0000000089200000|  0%| F|  |TAMS 0x0000000089100000, 0x0000000089100000| Untracked 
| 146|0x0000000089200000, 0x0000000089200000, 0x0000000089300000|  0%| F|  |TAMS 0x0000000089200000, 0x0000000089200000| Untracked 
| 147|0x0000000089300000, 0x0000000089300000, 0x0000000089400000|  0%| F|  |TAMS 0x0000000089300000, 0x0000000089300000| Untracked 
| 148|0x0000000089400000, 0x0000000089400000, 0x0000000089500000|  0%| F|  |TAMS 0x0000000089400000, 0x0000000089400000| Untracked 
| 149|0x0000000089500000, 0x0000000089500000, 0x0000000089600000|  0%| F|  |TAMS 0x0000000089500000, 0x0000000089500000| Untracked 
| 150|0x0000000089600000, 0x0000000089600000, 0x0000000089700000|  0%| F|  |TAMS 0x0000000089600000, 0x0000000089600000| Untracked 
| 151|0x0000000089700000, 0x0000000089700000, 0x0000000089800000|  0%| F|  |TAMS 0x0000000089700000, 0x0000000089700000| Untracked 
| 152|0x0000000089800000, 0x0000000089800000, 0x0000000089900000|  0%| F|  |TAMS 0x0000000089800000, 0x0000000089800000| Untracked 
| 153|0x0000000089900000, 0x0000000089900000, 0x0000000089a00000|  0%| F|  |TAMS 0x0000000089900000, 0x0000000089900000| Untracked 
| 154|0x0000000089a00000, 0x0000000089a00000, 0x0000000089b00000|  0%| F|  |TAMS 0x0000000089a00000, 0x0000000089a00000| Untracked 
| 155|0x0000000089b00000, 0x0000000089b00000, 0x0000000089c00000|  0%| F|  |TAMS 0x0000000089b00000, 0x0000000089b00000| Untracked 
| 156|0x0000000089c00000, 0x0000000089c00000, 0x0000000089d00000|  0%| F|  |TAMS 0x0000000089c00000, 0x0000000089c00000| Untracked 
| 157|0x0000000089d00000, 0x0000000089d00000, 0x0000000089e00000|  0%| F|  |TAMS 0x0000000089d00000, 0x0000000089d00000| Untracked 
| 158|0x0000000089e00000, 0x0000000089e00000, 0x0000000089f00000|  0%| F|  |TAMS 0x0000000089e00000, 0x0000000089e00000| Untracked 
| 159|0x0000000089f00000, 0x0000000089f00000, 0x000000008a000000|  0%| F|  |TAMS 0x0000000089f00000, 0x0000000089f00000| Untracked 
| 160|0x000000008a000000, 0x000000008a000000, 0x000000008a100000|  0%| F|  |TAMS 0x000000008a000000, 0x000000008a000000| Untracked 
| 161|0x000000008a100000, 0x000000008a100000, 0x000000008a200000|  0%| F|  |TAMS 0x000000008a100000, 0x000000008a100000| Untracked 
| 162|0x000000008a200000, 0x000000008a200000, 0x000000008a300000|  0%| F|  |TAMS 0x000000008a200000, 0x000000008a200000| Untracked 
| 163|0x000000008a300000, 0x000000008a300000, 0x000000008a400000|  0%| F|  |TAMS 0x000000008a300000, 0x000000008a300000| Untracked 
| 164|0x000000008a400000, 0x000000008a400000, 0x000000008a500000|  0%| F|  |TAMS 0x000000008a400000, 0x000000008a400000| Untracked 
| 165|0x000000008a500000, 0x000000008a500000, 0x000000008a600000|  0%| F|  |TAMS 0x000000008a500000, 0x000000008a500000| Untracked 
| 166|0x000000008a600000, 0x000000008a600000, 0x000000008a700000|  0%| F|  |TAMS 0x000000008a600000, 0x000000008a600000| Untracked 
| 167|0x000000008a700000, 0x000000008a700000, 0x000000008a800000|  0%| F|  |TAMS 0x000000008a700000, 0x000000008a700000| Untracked 
| 168|0x000000008a800000, 0x000000008a800000, 0x000000008a900000|  0%| F|  |TAMS 0x000000008a800000, 0x000000008a800000| Untracked 
| 169|0x000000008a900000, 0x000000008a900000, 0x000000008aa00000|  0%| F|  |TAMS 0x000000008a900000, 0x000000008a900000| Untracked 
| 170|0x000000008aa00000, 0x000000008aa00000, 0x000000008ab00000|  0%| F|  |TAMS 0x000000008aa00000, 0x000000008aa00000| Untracked 
| 171|0x000000008ab00000, 0x000000008ab00000, 0x000000008ac00000|  0%| F|  |TAMS 0x000000008ab00000, 0x000000008ab00000| Untracked 
| 172|0x000000008ac00000, 0x000000008ac00000, 0x000000008ad00000|  0%| F|  |TAMS 0x000000008ac00000, 0x000000008ac00000| Untracked 
| 173|0x000000008ad00000, 0x000000008ad00000, 0x000000008ae00000|  0%| F|  |TAMS 0x000000008ad00000, 0x000000008ad00000| Untracked 
| 174|0x000000008ae00000, 0x000000008ae00000, 0x000000008af00000|  0%| F|  |TAMS 0x000000008ae00000, 0x000000008ae00000| Untracked 
| 175|0x000000008af00000, 0x000000008af00000, 0x000000008b000000|  0%| F|  |TAMS 0x000000008af00000, 0x000000008af00000| Untracked 
| 176|0x000000008b000000, 0x000000008b000000, 0x000000008b100000|  0%| F|  |TAMS 0x000000008b000000, 0x000000008b000000| Untracked 
| 177|0x000000008b100000, 0x000000008b100000, 0x000000008b200000|  0%| F|  |TAMS 0x000000008b100000, 0x000000008b100000| Untracked 
| 178|0x000000008b200000, 0x000000008b200000, 0x000000008b300000|  0%| F|  |TAMS 0x000000008b200000, 0x000000008b200000| Untracked 
| 179|0x000000008b300000, 0x000000008b300000, 0x000000008b400000|  0%| F|  |TAMS 0x000000008b300000, 0x000000008b300000| Untracked 
| 180|0x000000008b400000, 0x000000008b400000, 0x000000008b500000|  0%| F|  |TAMS 0x000000008b400000, 0x000000008b400000| Untracked 
| 181|0x000000008b500000, 0x000000008b500000, 0x000000008b600000|  0%| F|  |TAMS 0x000000008b500000, 0x000000008b500000| Untracked 
| 182|0x000000008b600000, 0x000000008b600000, 0x000000008b700000|  0%| F|  |TAMS 0x000000008b600000, 0x000000008b600000| Untracked 
| 183|0x000000008b700000, 0x000000008b700000, 0x000000008b800000|  0%| F|  |TAMS 0x000000008b700000, 0x000000008b700000| Untracked 
| 184|0x000000008b800000, 0x000000008b800000, 0x000000008b900000|  0%| F|  |TAMS 0x000000008b800000, 0x000000008b800000| Untracked 
| 185|0x000000008b900000, 0x000000008b900000, 0x000000008ba00000|  0%| F|  |TAMS 0x000000008b900000, 0x000000008b900000| Untracked 
| 186|0x000000008ba00000, 0x000000008ba00000, 0x000000008bb00000|  0%| F|  |TAMS 0x000000008ba00000, 0x000000008ba00000| Untracked 
| 187|0x000000008bb00000, 0x000000008bb00000, 0x000000008bc00000|  0%| F|  |TAMS 0x000000008bb00000, 0x000000008bb00000| Untracked 
| 188|0x000000008bc00000, 0x000000008bc00000, 0x000000008bd00000|  0%| F|  |TAMS 0x000000008bc00000, 0x000000008bc00000| Untracked 
| 189|0x000000008bd00000, 0x000000008bd00000, 0x000000008be00000|  0%| F|  |TAMS 0x000000008bd00000, 0x000000008bd00000| Untracked 
| 190|0x000000008be00000, 0x000000008be00000, 0x000000008bf00000|  0%| F|  |TAMS 0x000000008be00000, 0x000000008be00000| Untracked 
| 191|0x000000008bf00000, 0x000000008bf00000, 0x000000008c000000|  0%| F|  |TAMS 0x000000008bf00000, 0x000000008bf00000| Untracked 
| 192|0x000000008c000000, 0x000000008c080800, 0x000000008c100000| 50%| E|  |TAMS 0x000000008c000000, 0x000000008c000000| Complete 
| 193|0x000000008c100000, 0x000000008c200000, 0x000000008c200000|100%| E|CS|TAMS 0x000000008c100000, 0x000000008c100000| Complete 
| 194|0x000000008c200000, 0x000000008c300000, 0x000000008c300000|100%| E|CS|TAMS 0x000000008c200000, 0x000000008c200000| Complete 
| 195|0x000000008c300000, 0x000000008c400000, 0x000000008c400000|100%| E|CS|TAMS 0x000000008c300000, 0x000000008c300000| Complete 
| 196|0x000000008c400000, 0x000000008c500000, 0x000000008c500000|100%| E|CS|TAMS 0x000000008c400000, 0x000000008c400000| Complete 
| 197|0x000000008c500000, 0x000000008c600000, 0x000000008c600000|100%| E|CS|TAMS 0x000000008c500000, 0x000000008c500000| Complete 
| 198|0x000000008c600000, 0x000000008c700000, 0x000000008c700000|100%| E|CS|TAMS 0x000000008c600000, 0x000000008c600000| Complete 
| 199|0x000000008c700000, 0x000000008c800000, 0x000000008c800000|100%| E|CS|TAMS 0x000000008c700000, 0x000000008c700000| Complete 
| 200|0x000000008c800000, 0x000000008c900000, 0x000000008c900000|100%| E|CS|TAMS 0x000000008c800000, 0x000000008c800000| Complete 
| 201|0x000000008c900000, 0x000000008ca00000, 0x000000008ca00000|100%| E|CS|TAMS 0x000000008c900000, 0x000000008c900000| Complete 
| 202|0x000000008ca00000, 0x000000008cb00000, 0x000000008cb00000|100%| E|CS|TAMS 0x000000008ca00000, 0x000000008ca00000| Complete 
| 203|0x000000008cb00000, 0x000000008cc00000, 0x000000008cc00000|100%| E|CS|TAMS 0x000000008cb00000, 0x000000008cb00000| Complete 
| 204|0x000000008cc00000, 0x000000008cd00000, 0x000000008cd00000|100%| E|CS|TAMS 0x000000008cc00000, 0x000000008cc00000| Complete 
| 205|0x000000008cd00000, 0x000000008ce00000, 0x000000008ce00000|100%| E|CS|TAMS 0x000000008cd00000, 0x000000008cd00000| Complete 
| 206|0x000000008ce00000, 0x000000008cf00000, 0x000000008cf00000|100%| E|CS|TAMS 0x000000008ce00000, 0x000000008ce00000| Complete 
| 207|0x000000008cf00000, 0x000000008d000000, 0x000000008d000000|100%| E|CS|TAMS 0x000000008cf00000, 0x000000008cf00000| Complete 
| 208|0x000000008d000000, 0x000000008d100000, 0x000000008d100000|100%| E|CS|TAMS 0x000000008d000000, 0x000000008d000000| Complete 
| 209|0x000000008d100000, 0x000000008d200000, 0x000000008d200000|100%| E|CS|TAMS 0x000000008d100000, 0x000000008d100000| Complete 
| 210|0x000000008d200000, 0x000000008d300000, 0x000000008d300000|100%| E|CS|TAMS 0x000000008d200000, 0x000000008d200000| Complete 
| 211|0x000000008d300000, 0x000000008d400000, 0x000000008d400000|100%| E|CS|TAMS 0x000000008d300000, 0x000000008d300000| Complete 
| 212|0x000000008d400000, 0x000000008d500000, 0x000000008d500000|100%| E|CS|TAMS 0x000000008d400000, 0x000000008d400000| Complete 
| 213|0x000000008d500000, 0x000000008d600000, 0x000000008d600000|100%| E|CS|TAMS 0x000000008d500000, 0x000000008d500000| Complete 
| 214|0x000000008d600000, 0x000000008d700000, 0x000000008d700000|100%| E|CS|TAMS 0x000000008d600000, 0x000000008d600000| Complete 
| 215|0x000000008d700000, 0x000000008d800000, 0x000000008d800000|100%| E|CS|TAMS 0x000000008d700000, 0x000000008d700000| Complete 
| 216|0x000000008d800000, 0x000000008d900000, 0x000000008d900000|100%| E|CS|TAMS 0x000000008d800000, 0x000000008d800000| Complete 
| 217|0x000000008d900000, 0x000000008da00000, 0x000000008da00000|100%| E|CS|TAMS 0x000000008d900000, 0x000000008d900000| Complete 
| 218|0x000000008da00000, 0x000000008db00000, 0x000000008db00000|100%| E|CS|TAMS 0x000000008da00000, 0x000000008da00000| Complete 
| 219|0x000000008db00000, 0x000000008dc00000, 0x000000008dc00000|100%| E|CS|TAMS 0x000000008db00000, 0x000000008db00000| Complete 
| 220|0x000000008dc00000, 0x000000008dd00000, 0x000000008dd00000|100%| E|CS|TAMS 0x000000008dc00000, 0x000000008dc00000| Complete 
| 221|0x000000008dd00000, 0x000000008de00000, 0x000000008de00000|100%| E|CS|TAMS 0x000000008dd00000, 0x000000008dd00000| Complete 
| 222|0x000000008de00000, 0x000000008df00000, 0x000000008df00000|100%| E|CS|TAMS 0x000000008de00000, 0x000000008de00000| Complete 
| 223|0x000000008df00000, 0x000000008e000000, 0x000000008e000000|100%| E|CS|TAMS 0x000000008df00000, 0x000000008df00000| Complete 
| 224|0x000000008e000000, 0x000000008e100000, 0x000000008e100000|100%| E|CS|TAMS 0x000000008e000000, 0x000000008e000000| Complete 
| 225|0x000000008e100000, 0x000000008e200000, 0x000000008e200000|100%| E|CS|TAMS 0x000000008e100000, 0x000000008e100000| Complete 
| 226|0x000000008e200000, 0x000000008e300000, 0x000000008e300000|100%| E|CS|TAMS 0x000000008e200000, 0x000000008e200000| Complete 
| 227|0x000000008e300000, 0x000000008e400000, 0x000000008e400000|100%| E|CS|TAMS 0x000000008e300000, 0x000000008e300000| Complete 
| 228|0x000000008e400000, 0x000000008e500000, 0x000000008e500000|100%| E|CS|TAMS 0x000000008e400000, 0x000000008e400000| Complete 
| 229|0x000000008e500000, 0x000000008e600000, 0x000000008e600000|100%| E|CS|TAMS 0x000000008e500000, 0x000000008e500000| Complete 
| 230|0x000000008e600000, 0x000000008e700000, 0x000000008e700000|100%| E|CS|TAMS 0x000000008e600000, 0x000000008e600000| Complete 
| 231|0x000000008e700000, 0x000000008e800000, 0x000000008e800000|100%| E|CS|TAMS 0x000000008e700000, 0x000000008e700000| Complete 
| 232|0x000000008e800000, 0x000000008e900000, 0x000000008e900000|100%| E|CS|TAMS 0x000000008e800000, 0x000000008e800000| Complete 
| 233|0x000000008e900000, 0x000000008ea00000, 0x000000008ea00000|100%| E|CS|TAMS 0x000000008e900000, 0x000000008e900000| Complete 
| 234|0x000000008ea00000, 0x000000008eb00000, 0x000000008eb00000|100%| E|CS|TAMS 0x000000008ea00000, 0x000000008ea00000| Complete 
| 235|0x000000008eb00000, 0x000000008ec00000, 0x000000008ec00000|100%| E|CS|TAMS 0x000000008eb00000, 0x000000008eb00000| Complete 
| 236|0x000000008ec00000, 0x000000008ed00000, 0x000000008ed00000|100%| E|CS|TAMS 0x000000008ec00000, 0x000000008ec00000| Complete 
| 237|0x000000008ed00000, 0x000000008ee00000, 0x000000008ee00000|100%| E|CS|TAMS 0x000000008ed00000, 0x000000008ed00000| Complete 
| 238|0x000000008ee00000, 0x000000008ef00000, 0x000000008ef00000|100%| E|CS|TAMS 0x000000008ee00000, 0x000000008ee00000| Complete 
| 239|0x000000008ef00000, 0x000000008f000000, 0x000000008f000000|100%| E|CS|TAMS 0x000000008ef00000, 0x000000008ef00000| Complete 
| 240|0x000000008f000000, 0x000000008f100000, 0x000000008f100000|100%| E|CS|TAMS 0x000000008f000000, 0x000000008f000000| Complete 
| 241|0x000000008f100000, 0x000000008f200000, 0x000000008f200000|100%| E|CS|TAMS 0x000000008f100000, 0x000000008f100000| Complete 
| 242|0x000000008f200000, 0x000000008f300000, 0x000000008f300000|100%| E|CS|TAMS 0x000000008f200000, 0x000000008f200000| Complete 
| 243|0x000000008f300000, 0x000000008f400000, 0x000000008f400000|100%| E|CS|TAMS 0x000000008f300000, 0x000000008f300000| Complete 
| 244|0x000000008f400000, 0x000000008f500000, 0x000000008f500000|100%| E|CS|TAMS 0x000000008f400000, 0x000000008f400000| Complete 
| 245|0x000000008f500000, 0x000000008f600000, 0x000000008f600000|100%| E|CS|TAMS 0x000000008f500000, 0x000000008f500000| Complete 
| 246|0x000000008f600000, 0x000000008f700000, 0x000000008f700000|100%| E|CS|TAMS 0x000000008f600000, 0x000000008f600000| Complete 
| 247|0x000000008f700000, 0x000000008f800000, 0x000000008f800000|100%| E|CS|TAMS 0x000000008f700000, 0x000000008f700000| Complete 
| 248|0x000000008f800000, 0x000000008f900000, 0x000000008f900000|100%| E|CS|TAMS 0x000000008f800000, 0x000000008f800000| Complete 
| 249|0x000000008f900000, 0x000000008fa00000, 0x000000008fa00000|100%| E|CS|TAMS 0x000000008f900000, 0x000000008f900000| Complete 
| 250|0x000000008fa00000, 0x000000008fb00000, 0x000000008fb00000|100%| E|CS|TAMS 0x000000008fa00000, 0x000000008fa00000| Complete 
| 251|0x000000008fb00000, 0x000000008fc00000, 0x000000008fc00000|100%| E|CS|TAMS 0x000000008fb00000, 0x000000008fb00000| Complete 
| 252|0x000000008fc00000, 0x000000008fd00000, 0x000000008fd00000|100%| E|CS|TAMS 0x000000008fc00000, 0x000000008fc00000| Complete 
| 253|0x000000008fd00000, 0x000000008fe00000, 0x000000008fe00000|100%| E|CS|TAMS 0x000000008fd00000, 0x000000008fd00000| Complete 
| 254|0x000000008fe00000, 0x000000008ff00000, 0x000000008ff00000|100%| E|CS|TAMS 0x000000008fe00000, 0x000000008fe00000| Complete 
| 255|0x000000008ff00000, 0x0000000090000000, 0x0000000090000000|100%| E|CS|TAMS 0x000000008ff00000, 0x000000008ff00000| Complete 

Card table byte_map: [0x000001f29a6a0000,0x000001f29aaa0000] _byte_map_base: 0x000001f29a2a0000

Marking Bits (Prev, Next): (CMBitMap*) 0x000001f282b63bf8, (CMBitMap*) 0x000001f282b63c30
 Prev Bits: [0x000001f29aea0000, 0x000001f29cea0000)
 Next Bits: [0x000001f29cea0000, 0x000001f29eea0000)

Polling page: 0x000001f280a60000

Metaspace:

Usage:
  Non-class:     73.72 MB capacity,    72.31 MB ( 98%) used,     1.16 MB (  2%) free+waste,   265.38 KB ( <1%) overhead. 
      Class:     11.67 MB capacity,    10.69 MB ( 92%) used,   873.26 KB (  7%) free+waste,   125.69 KB (  1%) overhead. 
       Both:     85.39 MB capacity,    83.00 MB ( 97%) used,     2.01 MB (  2%) free+waste,   391.06 KB ( <1%) overhead. 

Virtual space:
  Non-class space:       74.00 MB reserved,      73.83 MB (>99%) committed 
      Class space:      504.00 MB reserved,      11.71 MB (  2%) committed 
             Both:      578.00 MB reserved,      85.54 MB ( 15%) committed 

Chunk freelists:
   Non-Class:  43.00 KB
       Class:  19.00 KB
        Both:  62.00 KB

MaxMetaspaceSize: 512.00 MB
CompressedClassSpaceSize: 504.00 MB
Initial GC threshold: 20.80 MB
Current GC threshold: 117.77 MB
CDS: off

CodeHeap 'non-profiled nmethods': size=120064Kb used=5958Kb max_used=5958Kb free=114105Kb
 bounds [0x000001f292d60000, 0x000001f293340000, 0x000001f29a2a0000]
CodeHeap 'profiled nmethods': size=120000Kb used=20461Kb max_used=20461Kb free=99538Kb
 bounds [0x000001f28b830000, 0x000001f28cc30000, 0x000001f292d60000]
CodeHeap 'non-nmethods': size=5696Kb used=2384Kb max_used=2427Kb free=3311Kb
 bounds [0x000001f28b2a0000, 0x000001f28b510000, 0x000001f28b830000]
 total_blobs=10231 nmethods=9319 adapters=824
 compilation: enabled
              stopped_count=0, restarted_count=0
 full_count=0

Compilation events (20 events):
Event: 93.207 Thread 0x000001f2a1c3e800 9332       1       java.beans.GenericBeanInfo::getEventSetDescriptors (5 bytes)
Event: 93.207 Thread 0x000001f2a1c3e800 nmethod 9332 0x000001f293325b90 code [0x000001f293325d40, 0x000001f293325df8]
Event: 93.207 Thread 0x000001f2a1c3e800 9333       1       java.beans.GenericBeanInfo::getPropertyDescriptors (5 bytes)
Event: 93.207 Thread 0x000001f2a1c3e800 nmethod 9333 0x000001f293325e90 code [0x000001f293326040, 0x000001f2933260f8]
Event: 93.209 Thread 0x000001f2a1c3e800 9334   !   3       com.sun.beans.util.Cache::get (256 bytes)
Event: 93.211 Thread 0x000001f2a1c3e800 nmethod 9334 0x000001f28cc16690 code [0x000001f28cc16a00, 0x000001f28cc17f98]
Event: 93.211 Thread 0x000001f2a1c3e800 9335       3       java.beans.Introspector::isAssignable (27 bytes)
Event: 93.211 Thread 0x000001f2a1c3e800 nmethod 9335 0x000001f28cc18c10 code [0x000001f28cc18de0, 0x000001f28cc18fe8]
Event: 93.214 Thread 0x000001f2a1c3e800 9336       3       java.beans.PropertyDescriptor::isAssignable (148 bytes)
Event: 93.219 Thread 0x000001f2a1c3e800 nmethod 9336 0x000001f28cc19090 code [0x000001f28cc19800, 0x000001f28cc1ded8]
Event: 93.219 Thread 0x000001f2a1c3e800 9339       3       java.lang.String::<init> (10 bytes)
Event: 93.219 Thread 0x000001f2a1c3e800 nmethod 9339 0x000001f28cc1f490 code [0x000001f28cc1f640, 0x000001f28cc1f788]
Event: 93.219 Thread 0x000001f2a1c3e800 9337   !   3       java.beans.PropertyDescriptor::<init> (347 bytes)
Event: 93.225 Thread 0x000001f2a1c3e800 nmethod 9337 0x000001f28cc1f890 code [0x000001f28cc201c0, 0x000001f28cc26728]
Event: 93.225 Thread 0x000001f2a1c3e800 9338       3       java.beans.PropertyDescriptor::setPropertyEditorClass (9 bytes)
Event: 93.226 Thread 0x000001f2a1c3e800 nmethod 9338 0x000001f28cc28590 code [0x000001f28cc28780, 0x000001f28cc28b08]
Event: 93.226 Thread 0x000001f2a1c3e800 9340       3       org.apache.groovy.util.BeanUtils::decapitalize (68 bytes)
Event: 93.227 Thread 0x000001f2a1c3e800 nmethod 9340 0x000001f28cc28c90 code [0x000001f28cc29080, 0x000001f28cc2ab68]
Event: 93.415 Thread 0x000001f2a1c3d800 nmethod 9307 0x000001f293326190 code [0x000001f293326980, 0x000001f29332e3b8]
Event: 93.416 Thread 0x000001f2a1c3d800 9323       4       java.lang.Class::getMethodsRecursive (99 bytes)

GC Heap History (20 events):
Event: 18.617 GC heap before
{Heap before GC invocations=1 (full 0):
 garbage-first heap   total 262144K, used 107524K [0x0000000080000000, 0x0000000100000000)
  region size 1024K, 99 young (101376K), 2 survivors (2048K)
 Metaspace       used 20757K, capacity 21133K, committed 21296K, reserved 536576K
  class space    used 2452K, capacity 2609K, committed 2688K, reserved 516096K
}
Event: 18.630 GC heap after
{Heap after GC invocations=2 (full 0):
 garbage-first heap   total 262144K, used 18046K [0x0000000080000000, 0x0000000100000000)
  region size 1024K, 12 young (12288K), 12 survivors (12288K)
 Metaspace       used 20757K, capacity 21133K, committed 21296K, reserved 536576K
  class space    used 2452K, capacity 2609K, committed 2688K, reserved 516096K
}
Event: 20.971 GC heap before
{Heap before GC invocations=3 (full 0):
 garbage-first heap   total 262144K, used 55934K [0x0000000080000000, 0x0000000100000000)
  region size 1024K, 50 young (51200K), 12 survivors (12288K)
 Metaspace       used 24613K, capacity 25182K, committed 25264K, reserved 538624K
  class space    used 3061K, capacity 3280K, committed 3328K, reserved 516096K
}
Event: 20.989 GC heap after
{Heap after GC invocations=4 (full 0):
 garbage-first heap   total 262144K, used 20128K [0x0000000080000000, 0x0000000100000000)
  region size 1024K, 2 young (2048K), 2 survivors (2048K)
 Metaspace       used 24613K, capacity 25182K, committed 25264K, reserved 538624K
  class space    used 3061K, capacity 3280K, committed 3328K, reserved 516096K
}
Event: 24.963 GC heap before
{Heap before GC invocations=4 (full 0):
 garbage-first heap   total 262144K, used 88736K [0x0000000080000000, 0x0000000100000000)
  region size 1024K, 69 young (70656K), 2 survivors (2048K)
 Metaspace       used 31094K, capacity 31861K, committed 32048K, reserved 544768K
  class space    used 4062K, capacity 4364K, committed 4480K, reserved 516096K
}
Event: 24.971 GC heap after
{Heap after GC invocations=5 (full 0):
 garbage-first heap   total 262144K, used 22038K [0x0000000080000000, 0x0000000100000000)
  region size 1024K, 4 young (4096K), 4 survivors (4096K)
 Metaspace       used 31094K, capacity 31861K, committed 32048K, reserved 544768K
  class space    used 4062K, capacity 4364K, committed 4480K, reserved 516096K
}
Event: 26.194 GC heap before
{Heap before GC invocations=5 (full 0):
 garbage-first heap   total 262144K, used 42518K [0x0000000080000000, 0x0000000100000000)
  region size 1024K, 25 young (25600K), 4 survivors (4096K)
 Metaspace       used 34990K, capacity 35828K, committed 35920K, reserved 548864K
  class space    used 4449K, capacity 4815K, committed 4864K, reserved 516096K
}
Event: 26.207 GC heap after
{Heap after GC invocations=6 (full 0):
 garbage-first heap   total 262144K, used 23954K [0x0000000080000000, 0x0000000100000000)
  region size 1024K, 6 young (6144K), 6 survivors (6144K)
 Metaspace       used 34990K, capacity 35828K, committed 35920K, reserved 548864K
  class space    used 4449K, capacity 4815K, committed 4864K, reserved 516096K
}
Event: 46.427 GC heap before
{Heap before GC invocations=7 (full 0):
 garbage-first heap   total 262144K, used 108946K [0x0000000080000000, 0x0000000100000000)
  region size 1024K, 87 young (89088K), 6 survivors (6144K)
 Metaspace       used 41930K, capacity 43046K, committed 43216K, reserved 555008K
  class space    used 5257K, capacity 5684K, committed 5760K, reserved 516096K
}
Event: 46.448 GC heap after
{Heap after GC invocations=8 (full 0):
 garbage-first heap   total 262144K, used 30168K [0x0000000080000000, 0x0000000100000000)
  region size 1024K, 11 young (11264K), 11 survivors (11264K)
 Metaspace       used 41930K, capacity 43046K, committed 43216K, reserved 555008K
  class space    used 5257K, capacity 5684K, committed 5760K, reserved 516096K
}
Event: 56.628 GC heap before
{Heap before GC invocations=9 (full 0):
 garbage-first heap   total 262144K, used 130520K [0x0000000080000000, 0x0000000100000000)
  region size 1024K, 109 young (111616K), 11 survivors (11264K)
 Metaspace       used 49803K, capacity 51179K, committed 51280K, reserved 561152K
  class space    used 6376K, capacity 6907K, committed 6912K, reserved 516096K
}
Event: 56.647 GC heap after
{Heap after GC invocations=10 (full 0):
 garbage-first heap   total 262144K, used 33916K [0x0000000080000000, 0x0000000100000000)
  region size 1024K, 10 young (10240K), 10 survivors (10240K)
 Metaspace       used 49803K, capacity 51179K, committed 51280K, reserved 561152K
  class space    used 6376K, capacity 6907K, committed 6912K, reserved 516096K
}
Event: 68.422 GC heap before
{Heap before GC invocations=10 (full 0):
 garbage-first heap   total 262144K, used 153724K [0x0000000080000000, 0x0000000100000000)
  region size 1024K, 121 young (123904K), 10 survivors (10240K)
 Metaspace       used 59677K, capacity 61445K, committed 61520K, reserved 569344K
  class space    used 7707K, capacity 8414K, committed 8448K, reserved 516096K
}
Event: 68.439 GC heap after
{Heap after GC invocations=11 (full 0):
 garbage-first heap   total 262144K, used 44908K [0x0000000080000000, 0x0000000100000000)
  region size 1024K, 9 young (9216K), 9 survivors (9216K)
 Metaspace       used 59677K, capacity 61445K, committed 61520K, reserved 569344K
  class space    used 7707K, capacity 8414K, committed 8448K, reserved 516096K
}
Event: 75.381 GC heap before
{Heap before GC invocations=11 (full 0):
 garbage-first heap   total 262144K, used 177004K [0x0000000080000000, 0x0000000100000000)
  region size 1024K, 138 young (141312K), 9 survivors (9216K)
 Metaspace       used 68566K, capacity 70594K, committed 70864K, reserved 577536K
  class space    used 8903K, capacity 9738K, committed 9856K, reserved 516096K
}
Event: 75.402 GC heap after
{Heap after GC invocations=12 (full 0):
 garbage-first heap   total 262144K, used 51200K [0x0000000080000000, 0x0000000100000000)
  region size 1024K, 15 young (15360K), 15 survivors (15360K)
 Metaspace       used 68566K, capacity 70594K, committed 70864K, reserved 577536K
  class space    used 8903K, capacity 9738K, committed 9856K, reserved 516096K
}
Event: 76.663 GC heap before
{Heap before GC invocations=12 (full 0):
 garbage-first heap   total 262144K, used 71680K [0x0000000080000000, 0x0000000100000000)
  region size 1024K, 36 young (36864K), 15 survivors (15360K)
 Metaspace       used 69806K, capacity 71904K, committed 72016K, reserved 579584K
  class space    used 9048K, capacity 9929K, committed 9984K, reserved 516096K
}
Event: 76.693 GC heap after
{Heap after GC invocations=13 (full 0):
 garbage-first heap   total 262144K, used 53809K [0x0000000080000000, 0x0000000100000000)
  region size 1024K, 9 young (9216K), 9 survivors (9216K)
 Metaspace       used 69806K, capacity 71904K, committed 72016K, reserved 579584K
  class space    used 9048K, capacity 9929K, committed 9984K, reserved 516096K
}
Event: 89.596 GC heap before
{Heap before GC invocations=14 (full 0):
 garbage-first heap   total 262144K, used 196145K [0x0000000080000000, 0x0000000100000000)
  region size 1024K, 138 young (141312K), 9 survivors (9216K)
 Metaspace       used 80599K, capacity 82934K, committed 83112K, reserved 589824K
  class space    used 10340K, capacity 11307K, committed 11352K, reserved 516096K
}
Event: 89.621 GC heap after
{Heap after GC invocations=15 (full 0):
 garbage-first heap   total 262144K, used 69632K [0x0000000080000000, 0x0000000100000000)
  region size 1024K, 18 young (18432K), 18 survivors (18432K)
 Metaspace       used 80599K, capacity 82934K, committed 83112K, reserved 589824K
  class space    used 10340K, capacity 11307K, committed 11352K, reserved 516096K
}

Deoptimization events (20 events):
Event: 92.550 Thread 0x000001f2a3708800 Uncommon trap: trap_request=0xffffff4d fr.pc=0x000001f29312b140 relative=0x0000000000001fe0
Event: 92.550 Thread 0x000001f2a3708800 Uncommon trap: reason=unstable_if action=reinterpret pc=0x000001f29312b140 method=java.util.regex.Pattern.closure(Ljava/util/regex/Pattern$Node;)Ljava/util/regex/Pattern$Node; @ 79 c2
Event: 92.550 Thread 0x000001f2a3708800 DEOPT PACKING pc=0x000001f29312b140 sp=0x000000ee677f60d0
Event: 92.550 Thread 0x000001f2a3708800 DEOPT UNPACKING pc=0x000001f28b2ea1af sp=0x000000ee677f6080 mode 2
Event: 92.808 Thread 0x000001f2a3708800 Uncommon trap: trap_request=0xffffff4d fr.pc=0x000001f293212950 relative=0x00000000000006b0
Event: 92.808 Thread 0x000001f2a3708800 Uncommon trap: reason=unstable_if action=reinterpret pc=0x000001f293212950 method=org.apache.commons.io.FilenameUtils.doNormalize(Ljava/lang/String;CZ)Ljava/lang/String; @ 226 c2
Event: 92.808 Thread 0x000001f2a3708800 DEOPT PACKING pc=0x000001f293212950 sp=0x000000ee677f80c0
Event: 92.809 Thread 0x000001f2a3708800 DEOPT UNPACKING pc=0x000001f28b2ea1af sp=0x000000ee677f8058 mode 2
Event: 92.888 Thread 0x000001f2a3708800 Uncommon trap: trap_request=0xffffffde fr.pc=0x000001f292fcb084 relative=0x00000000000002c4
Event: 92.888 Thread 0x000001f2a3708800 Uncommon trap: reason=class_check action=maybe_recompile pc=0x000001f292fcb084 method=java.util.stream.StreamOpFlag.fromCharacteristics(Ljava/util/Spliterator;)I @ 14 c2
Event: 92.888 Thread 0x000001f2a3708800 DEOPT PACKING pc=0x000001f292fcb084 sp=0x000000ee677f7a40
Event: 92.888 Thread 0x000001f2a3708800 DEOPT UNPACKING pc=0x000001f28b2ea1af sp=0x000000ee677f7928 mode 2
Event: 92.900 Thread 0x000001f2a3708800 Uncommon trap: trap_request=0xffffffde fr.pc=0x000001f292fcb084 relative=0x00000000000002c4
Event: 92.900 Thread 0x000001f2a3708800 Uncommon trap: reason=class_check action=maybe_recompile pc=0x000001f292fcb084 method=java.util.stream.StreamOpFlag.fromCharacteristics(Ljava/util/Spliterator;)I @ 14 c2
Event: 92.901 Thread 0x000001f2a3708800 DEOPT PACKING pc=0x000001f292fcb084 sp=0x000000ee677f7a40
Event: 92.901 Thread 0x000001f2a3708800 DEOPT UNPACKING pc=0x000001f28b2ea1af sp=0x000000ee677f7928 mode 2
Event: 93.201 Thread 0x000001f2a3708800 Uncommon trap: trap_request=0xffffff4d fr.pc=0x000001f292f4c380 relative=0x0000000000000340
Event: 93.201 Thread 0x000001f2a3708800 Uncommon trap: reason=unstable_if action=reinterpret pc=0x000001f292f4c380 method=java.util.StringJoiner.add(Ljava/lang/CharSequence;)Ljava/util/StringJoiner; @ 33 c2
Event: 93.201 Thread 0x000001f2a3708800 DEOPT PACKING pc=0x000001f292f4c380 sp=0x000000ee677f5800
Event: 93.201 Thread 0x000001f2a3708800 DEOPT UNPACKING pc=0x000001f28b2ea1af sp=0x000000ee677f57b0 mode 2

Classes redefined (0 events):
No events

Internal exceptions (20 events):
Event: 85.363 Thread 0x000001f2a3708800 Exception <a 'java/lang/NoSuchMethodError'{0x000000008a6582a0}: 'java.lang.Object java.lang.invoke.DirectMethodHandle$Holder.invokeStatic(java.lang.Object, java.lang.Object, java.lang.Object, java.lang.Object, java.lang.Object, java.lang.Object, java.lang.Object, java.lang.Object, java.lang.Object, java.lang.Object, java.lang.Object, java.lang.Object, java.lang.Object, int)'> (0x000000008a6582a0) thrown at [s\src\hotspot\share\interpreter\linkResolver.cpp, line 773]
Event: 85.437 Thread 0x000001f2a3708800 Exception <a 'java/lang/NoSuchMethodError'{0x000000008a665c88}: 'java.lang.Object java.lang.invoke.DirectMethodHandle$Holder.invokeStatic(java.lang.Object, java.lang.Object, java.lang.Object, java.lang.Object, java.lang.Object, java.lang.Object, java.lang.Object, java.lang.Object, java.lang.Object, java.lang.Object, java.lang.Object, java.lang.Object, java.lang.Object, int, int)'> (0x000000008a665c88) thrown at [s\src\hotspot\share\interpreter\linkResolver.cpp, line 773]
Event: 86.415 Thread 0x000001f2a3708800 Exception <a 'java/lang/NoSuchMethodError'{0x0000000089625148}: 'java.lang.Object java.lang.invoke.DirectMethodHandle$Holder.invokeSpecial(java.lang.Object, java.lang.Object, int, int, int, java.lang.Object, java.lang.Object, java.lang.Object, java.lang.Object)'> (0x0000000089625148) thrown at [s\src\hotspot\share\interpreter\linkResolver.cpp, line 773]
Event: 86.415 Thread 0x000001f2a3708800 Exception <a 'java/lang/NoSuchMethodError'{0x0000000089629b98}: 'java.lang.Object java.lang.invoke.DelegatingMethodHandle$Holder.reinvoke_L(java.lang.Object, int, int, int, java.lang.Object, java.lang.Object, java.lang.Object, java.lang.Object)'> (0x0000000089629b98) thrown at [s\src\hotspot\share\interpreter\linkResolver.cpp, line 773]
Event: 86.803 Thread 0x000001f2a3708800 Implicit null exception at 0x000001f292f7230b to 0x000001f292f723e8
Event: 87.128 Thread 0x000001f2a3708800 Implicit null exception at 0x000001f292f2882c to 0x000001f292f2895a
Event: 88.605 Thread 0x000001f2a3708800 Exception <a 'sun/nio/fs/WindowsException'{0x0000000087e6d760}> (0x0000000087e6d760) thrown at [s\src\hotspot\share\prims\jni.cpp, line 617]
Event: 91.702 Thread 0x000001f2a3708800 Implicit null exception at 0x000001f2930f56e6 to 0x000001f2930f57b0
Event: 93.197 Thread 0x000001f2a3708800 Exception <a 'java/lang/ClassNotFoundException'{0x000000008cdaf4b0}: com/android/build/gradle/internal/dsl/BaseAppModuleExtension_DecoratedBeanInfo> (0x000000008cdaf4b0) thrown at [s\src\hotspot\share\classfile\systemDictionary.cpp, line 230]
Event: 93.198 Thread 0x000001f2a3708800 Exception <a 'java/lang/ClassNotFoundException'{0x000000008cdc9350}: com/android/build/gradle/internal/dsl/BaseAppModuleExtensionBeanInfo> (0x000000008cdc9350) thrown at [s\src\hotspot\share\classfile\systemDictionary.cpp, line 230]
Event: 93.198 Thread 0x000001f2a3708800 Exception <a 'java/lang/ClassNotFoundException'{0x000000008cddf5d8}: com/android/build/gradle/AppExtensionBeanInfo> (0x000000008cddf5d8) thrown at [s\src\hotspot\share\classfile\systemDictionary.cpp, line 230]
Event: 93.199 Thread 0x000001f2a3708800 Exception <a 'java/lang/ClassNotFoundException'{0x000000008cdf6c38}: com/android/build/gradle/AbstractAppExtensionBeanInfo> (0x000000008cdf6c38) thrown at [s\src\hotspot\share\classfile\systemDictionary.cpp, line 230]
Event: 93.200 Thread 0x000001f2a3708800 Exception <a 'java/lang/ClassNotFoundException'{0x000000008cc0d678}: com/android/build/gradle/TestedExtensionBeanInfo> (0x000000008cc0d678) thrown at [s\src\hotspot\share\classfile\systemDictionary.cpp, line 230]
Event: 93.200 Thread 0x000001f2a3708800 Exception <a 'java/lang/ClassNotFoundException'{0x000000008cc23b30}: com/android/build/gradle/BaseExtensionBeanInfo> (0x000000008cc23b30) thrown at [s\src\hotspot\share\classfile\systemDictionary.cpp, line 230]
Event: 93.201 Thread 0x000001f2a3708800 Exception <a 'java/lang/ClassNotFoundException'{0x000000008cc3a0a0}: com/android/build/gradle/BaseExtensionCustomizer> (0x000000008cc3a0a0) thrown at [s\src\hotspot\share\classfile\systemDictionary.cpp, line 230]
Event: 93.204 Thread 0x000001f2a3708800 Exception <a 'java/lang/ClassNotFoundException'{0x000000008ccd9730}: com/android/build/gradle/TestedExtensionCustomizer> (0x000000008ccd9730) thrown at [s\src\hotspot\share\classfile\systemDictionary.cpp, line 230]
Event: 93.206 Thread 0x000001f2a3708800 Exception <a 'java/lang/ClassNotFoundException'{0x000000008cb0b658}: com/android/build/gradle/AbstractAppExtensionCustomizer> (0x000000008cb0b658) thrown at [s\src\hotspot\share\classfile\systemDictionary.cpp, line 230]
Event: 93.206 Thread 0x000001f2a3708800 Exception <a 'java/lang/ClassNotFoundException'{0x000000008cb38028}: com/android/build/gradle/AppExtensionCustomizer> (0x000000008cb38028) thrown at [s\src\hotspot\share\classfile\systemDictionary.cpp, line 230]
Event: 93.207 Thread 0x000001f2a3708800 Exception <a 'java/lang/ClassNotFoundException'{0x000000008cb66dd8}: com/android/build/gradle/internal/dsl/BaseAppModuleExtensionCustomizer> (0x000000008cb66dd8) thrown at [s\src\hotspot\share\classfile\systemDictionary.cpp, line 230]
Event: 93.211 Thread 0x000001f2a3708800 Exception <a 'java/lang/ClassNotFoundException'{0x000000008ca53d88}: com/android/build/gradle/internal/dsl/BaseAppModuleExtension_DecoratedCustomizer> (0x000000008ca53d88) thrown at [s\src\hotspot\share\classfile\systemDictionary.cpp, line 230]

Events (20 events):
Event: 93.206 loading class com/android/build/gradle/AbstractAppExtensionCustomizer
Event: 93.206 loading class com/android/build/gradle/AbstractAppExtensionCustomizer done
Event: 93.206 loading class com/android/build/gradle/AppExtensionCustomizer
Event: 93.206 loading class com/android/build/gradle/AppExtensionCustomizer done
Event: 93.206 loading class com/android/build/gradle/AppExtensionCustomizer
Event: 93.206 loading class com/android/build/gradle/AppExtensionCustomizer done
Event: 93.207 loading class com/android/build/gradle/internal/dsl/BaseAppModuleExtensionCustomizer
Event: 93.207 loading class com/android/build/gradle/internal/dsl/BaseAppModuleExtensionCustomizer done
Event: 93.207 loading class com/android/build/gradle/internal/dsl/BaseAppModuleExtensionCustomizer
Event: 93.207 loading class com/android/build/gradle/internal/dsl/BaseAppModuleExtensionCustomizer done
Event: 93.211 loading class com/android/build/gradle/internal/dsl/BaseAppModuleExtension_DecoratedCustomizer
Event: 93.211 loading class com/android/build/gradle/internal/dsl/BaseAppModuleExtension_DecoratedCustomizer done
Event: 93.211 loading class com/android/build/gradle/internal/dsl/BaseAppModuleExtension_DecoratedCustomizer
Event: 93.211 loading class com/android/build/gradle/internal/dsl/BaseAppModuleExtension_DecoratedCustomizer done
Event: 93.219 loading class groovy/runtime/metaclass/build_2w4fiadhqee2d4usveewnbbvf$_run_closure2$_closure4MetaClass
Event: 93.219 loading class groovy/runtime/metaclass/build_2w4fiadhqee2d4usveewnbbvf$_run_closure2$_closure4MetaClass done
Event: 93.220 loading class org/gradle/util/internal/ConfigureUtil
Event: 93.220 loading class org/gradle/util/internal/ConfigureUtil done
Event: 93.220 loading class groovy/runtime/metaclass/com/android/build/gradle/internal/dsl/DefaultConfig$AgpDecorated_DecoratedMetaClass
Event: 93.220 loading class groovy/runtime/metaclass/com/android/build/gradle/internal/dsl/DefaultConfig$AgpDecorated_DecoratedMetaClass done


Dynamic libraries:
0x00007ff69ae80000 - 0x00007ff69ae8d000 	C:\Program Files\Microsoft\jdk-11.0.20.8-hotspot\bin\java.exe
0x00007ffdc0010000 - 0x00007ffdc0207000 	C:\WINDOWS\SYSTEM32\ntdll.dll
0x00007ffdbf760000 - 0x00007ffdbf81d000 	C:\WINDOWS\System32\KERNEL32.DLL
0x00007ffdbd6f0000 - 0x00007ffdbd9e6000 	C:\WINDOWS\System32\KERNELBASE.dll
0x00007ffdbd9f0000 - 0x00007ffdbdaf0000 	C:\WINDOWS\System32\ucrtbase.dll
0x00007ffda87e0000 - 0x00007ffda87f7000 	C:\Program Files\Microsoft\jdk-11.0.20.8-hotspot\bin\jli.dll
0x00007ffdbf040000 - 0x00007ffdbf1de000 	C:\WINDOWS\System32\USER32.dll
0x00007ffdbde00000 - 0x00007ffdbde22000 	C:\WINDOWS\System32\win32u.dll
0x00007ffdbec20000 - 0x00007ffdbec4c000 	C:\WINDOWS\System32\GDI32.dll
0x00007ffdbdea0000 - 0x00007ffdbdfba000 	C:\WINDOWS\System32\gdi32full.dll
0x00007ffdbdaf0000 - 0x00007ffdbdb8d000 	C:\WINDOWS\System32\msvcp_win.dll
0x00007ffda87c0000 - 0x00007ffda87d5000 	C:\Program Files\Microsoft\jdk-11.0.20.8-hotspot\bin\VCRUNTIME140.dll
0x00007ffdb1260000 - 0x00007ffdb14fa000 	C:\WINDOWS\WinSxS\amd64_microsoft.windows.common-controls_6595b64144ccf1df_6.0.19041.3570_none_60bb2a3971f3e41a\COMCTL32.dll
0x00007ffdbecf0000 - 0x00007ffdbed8e000 	C:\WINDOWS\System32\msvcrt.dll
0x00007ffdbecc0000 - 0x00007ffdbecf0000 	C:\WINDOWS\System32\IMM32.DLL
0x00007ffda8720000 - 0x00007ffda87bb000 	C:\Program Files\Microsoft\jdk-11.0.20.8-hotspot\bin\msvcp140.dll
0x00007ffd47a10000 - 0x00007ffd485a6000 	C:\Program Files\Microsoft\jdk-11.0.20.8-hotspot\bin\server\jvm.dll
0x00007ffdbe200000 - 0x00007ffdbe2ae000 	C:\WINDOWS\System32\ADVAPI32.dll
0x00007ffdbf1e0000 - 0x00007ffdbf27c000 	C:\WINDOWS\System32\sechost.dll
0x00007ffdbe2b0000 - 0x00007ffdbe3d6000 	C:\WINDOWS\System32\RPCRT4.dll
0x00007ffdbebb0000 - 0x00007ffdbebb8000 	C:\WINDOWS\System32\PSAPI.DLL
0x00007ffda8710000 - 0x00007ffda8719000 	C:\WINDOWS\SYSTEM32\WSOCK32.dll
0x00007ffdbec50000 - 0x00007ffdbecbb000 	C:\WINDOWS\System32\WS2_32.dll
0x00007ffdb2dc0000 - 0x00007ffdb2de7000 	C:\WINDOWS\SYSTEM32\WINMM.dll
0x00007ffdb35c0000 - 0x00007ffdb35ca000 	C:\WINDOWS\SYSTEM32\VERSION.dll
0x00007ffdbbf50000 - 0x00007ffdbbf62000 	C:\WINDOWS\SYSTEM32\kernel.appcore.dll
0x00007ffda8700000 - 0x00007ffda8710000 	C:\Program Files\Microsoft\jdk-11.0.20.8-hotspot\bin\verify.dll
0x00007ffda9870000 - 0x00007ffda9a54000 	C:\WINDOWS\SYSTEM32\DBGHELP.DLL
0x00007ffda97a0000 - 0x00007ffda97d4000 	C:\WINDOWS\SYSTEM32\dbgcore.DLL
0x00007ffdbdd70000 - 0x00007ffdbddf2000 	C:\WINDOWS\System32\bcryptPrimitives.dll
0x00007ffd99160000 - 0x00007ffd99188000 	C:\Program Files\Microsoft\jdk-11.0.20.8-hotspot\bin\java.dll
0x00007ffda86f0000 - 0x00007ffda86fa000 	C:\Program Files\Microsoft\jdk-11.0.20.8-hotspot\bin\jimage.dll
0x00007ffd60360000 - 0x00007ffd60378000 	C:\Program Files\Microsoft\jdk-11.0.20.8-hotspot\bin\zip.dll
0x00007ffdbe440000 - 0x00007ffdbeb84000 	C:\WINDOWS\System32\SHELL32.dll
0x00007ffdbb6a0000 - 0x00007ffdbbe3b000 	C:\WINDOWS\SYSTEM32\windows.storage.dll
0x00007ffdbf350000 - 0x00007ffdbf6a4000 	C:\WINDOWS\System32\combase.dll
0x00007ffdbd130000 - 0x00007ffdbd15d000 	C:\WINDOWS\SYSTEM32\Wldp.dll
0x00007ffdbf6b0000 - 0x00007ffdbf75d000 	C:\WINDOWS\System32\SHCORE.dll
0x00007ffdbebc0000 - 0x00007ffdbec15000 	C:\WINDOWS\System32\shlwapi.dll
0x00007ffdbd620000 - 0x00007ffdbd645000 	C:\WINDOWS\SYSTEM32\profapi.dll
0x00007ffd60340000 - 0x00007ffd60359000 	C:\Program Files\Microsoft\jdk-11.0.20.8-hotspot\bin\net.dll
0x00007ffdb4aa0000 - 0x00007ffdb4baa000 	C:\WINDOWS\SYSTEM32\WINHTTP.dll
0x00007ffdbce90000 - 0x00007ffdbcefa000 	C:\WINDOWS\system32\mswsock.dll
0x00007ffd60320000 - 0x00007ffd60333000 	C:\Program Files\Microsoft\jdk-11.0.20.8-hotspot\bin\nio.dll
0x00007ffd48d00000 - 0x00007ffd48d27000 	C:\Users\Kamaldeep\.gradle\native\68d5fa5c4cc2d200863cafc0d521ce42e7d3e7ee720ec0a83991735586a16f82\windows-amd64\native-platform.dll
0x00007ffd48aa0000 - 0x00007ffd48be4000 	C:\Users\Kamaldeep\.gradle\native\e376f236ea51e6404a007f0833ffe2c6e607c4080706a723a18a27aeea778392\windows-amd64\native-platform-file-events.dll
0x00007ffd60310000 - 0x00007ffd60319000 	C:\Program Files\Microsoft\jdk-11.0.20.8-hotspot\bin\management.dll
0x00007ffd48cf0000 - 0x00007ffd48cfb000 	C:\Program Files\Microsoft\jdk-11.0.20.8-hotspot\bin\management_ext.dll
0x00007ffdbd090000 - 0x00007ffdbd0a8000 	C:\WINDOWS\SYSTEM32\CRYPTSP.dll
0x00007ffdbc730000 - 0x00007ffdbc764000 	C:\WINDOWS\system32\rsaenh.dll
0x00007ffdbdb90000 - 0x00007ffdbdbb7000 	C:\WINDOWS\System32\bcrypt.dll
0x00007ffdbd5a0000 - 0x00007ffdbd5ce000 	C:\WINDOWS\SYSTEM32\USERENV.dll
0x00007ffdbd080000 - 0x00007ffdbd08c000 	C:\WINDOWS\SYSTEM32\CRYPTBASE.dll
0x00007ffdbcb30000 - 0x00007ffdbcb6b000 	C:\WINDOWS\SYSTEM32\IPHLPAPI.DLL
0x00007ffdbff60000 - 0x00007ffdbff68000 	C:\WINDOWS\System32\NSI.dll
0x00007ffdb5690000 - 0x00007ffdb56a7000 	C:\WINDOWS\SYSTEM32\dhcpcsvc6.DLL
0x00007ffdb6760000 - 0x00007ffdb677d000 	C:\WINDOWS\SYSTEM32\dhcpcsvc.DLL
0x00007ffdbcb80000 - 0x00007ffdbcc4a000 	C:\WINDOWS\SYSTEM32\DNSAPI.dll

dbghelp: loaded successfully - version: 4.0.5 - missing functions: none
symbol engine: initialized successfully - sym options: 0x614 - pdb path: .;C:\Program Files\Microsoft\jdk-11.0.20.8-hotspot\bin;C:\WINDOWS\SYSTEM32;C:\WINDOWS\WinSxS\amd64_microsoft.windows.common-controls_6595b64144ccf1df_6.0.19041.3570_none_60bb2a3971f3e41a;C:\Program Files\Microsoft\jdk-11.0.20.8-hotspot\bin\server;C:\Users\Kamaldeep\.gradle\native\68d5fa5c4cc2d200863cafc0d521ce42e7d3e7ee720ec0a83991735586a16f82\windows-amd64;C:\Users\Kamaldeep\.gradle\native\e376f236ea51e6404a007f0833ffe2c6e607c4080706a723a18a27aeea778392\windows-amd64

VM Arguments:
jvm_args: -XX:MaxMetaspaceSize=512m --add-opens=java.base/java.util=ALL-UNNAMED --add-opens=java.base/java.lang=ALL-UNNAMED --add-opens=java.base/java.lang.invoke=ALL-UNNAMED --add-opens=java.prefs/java.util.prefs=ALL-UNNAMED --add-opens=java.base/java.nio.charset=ALL-UNNAMED --add-opens=java.base/java.net=ALL-UNNAMED --add-opens=java.base/java.util.concurrent.atomic=ALL-UNNAMED -Xmx2048m -Dfile.encoding=windows-1252 -Duser.country=IN -Duser.language=en -Duser.variant 
java_command: org.gradle.launcher.daemon.bootstrap.GradleDaemon 8.0.1
java_class_path (initial): C:\Users\Kamaldeep\.gradle\wrapper\dists\gradle-8.0.1-all\aro4hu1c3oeioove7l0i4i14o\gradle-8.0.1\lib\gradle-launcher-8.0.1.jar
Launcher Type: SUN_STANDARD

[Global flags]
     intx CICompilerCount                          = 3                                         {product} {ergonomic}
   size_t CompressedClassSpaceSize                 = 528482304                                 {product} {ergonomic}
     uint ConcGCThreads                            = 1                                         {product} {ergonomic}
     uint G1ConcRefinementThreads                  = 4                                         {product} {ergonomic}
   size_t G1HeapRegionSize                         = 1048576                                   {product} {ergonomic}
    uintx GCDrainStackTargetSize                   = 64                                        {product} {ergonomic}
   size_t InitialHeapSize                          = 268435456                                 {product} {ergonomic}
   size_t MarkStackSize                            = 4194304                                   {product} {ergonomic}
   size_t MaxHeapSize                              = 2147483648                                {product} {command line}
   size_t MaxMetaspaceSize                         = 536870912                                 {product} {command line}
   size_t MaxNewSize                               = 1287651328                                {product} {ergonomic}
   size_t MinHeapDeltaBytes                        = 1048576                                   {product} {ergonomic}
    uintx NonNMethodCodeHeapSize                   = 5830732                                {pd product} {ergonomic}
    uintx NonProfiledCodeHeapSize                  = 122913754                              {pd product} {ergonomic}
    uintx ProfiledCodeHeapSize                     = 122913754                              {pd product} {ergonomic}
    uintx ReservedCodeCacheSize                    = 251658240                              {pd product} {ergonomic}
     bool SegmentedCodeCache                       = true                                      {product} {ergonomic}
     bool UseCompressedClassPointers               = true                                 {lp64_product} {ergonomic}
     bool UseCompressedOops                        = true                                 {lp64_product} {ergonomic}
     bool UseG1GC                                  = true                                      {product} {ergonomic}
     bool UseLargePagesIndividualAllocation        = false                                  {pd product} {ergonomic}

Logging:
Log output configuration:
 #0: stdout all=warning uptime,level,tags
 #1: stderr all=off uptime,level,tags

Environment Variables:
JAVA_HOME=C:\Program Files\Microsoft\jdk-11.0.20.8-hotspot\
CLASSPATH=C:\Users\Kamaldeep\Desktop\New folder\demo\android\\gradle\wrapper\gradle-wrapper.jar
PATH=C:\Users\Kamaldeep\Desktop\New folder\demo\node_modules\.bin;C:\Users\Kamaldeep\Desktop\New folder\demo\node_modules\.bin;C:\Users\Kamaldeep\Desktop\New folder\node_modules\.bin;C:\Users\Kamaldeep\Desktop\node_modules\.bin;C:\Users\Kamaldeep\node_modules\.bin;C:\Users\node_modules\.bin;C:\node_modules\.bin;C:\Program Files\nodejs\node_modules\npm\node_modules\@npmcli\run-script\lib\node-gyp-bin;C:\Users\Kamaldeep\Desktop\New folder\demo\node_modules\.bin;C:\Users\Kamaldeep\Desktop\New folder\node_modules\.bin;C:\Users\Kamaldeep\Desktop\node_modules\.bin;C:\Users\Kamaldeep\node_modules\.bin;C:\Users\node_modules\.bin;C:\node_modules\.bin;C:\Program Files\nodejs\node_modules\npm\node_modules\@npmcli\run-script\lib\node-gyp-bin;C:\Program Files\Microsoft\jdk-11.0.20.8-hotspot\bin;C:\Program Files (x86)\Intel\iCLS Client\;C:\Program Files\Intel\iCLS Client\;C:\Program Files (x86)\Common Files\Oracle\Java\javapath;C:\Program Files\OpenJDK\jdk-8.0.262.10-hotspot\bin;C:\WINDOWS\system32;C:\WINDOWS;C:\WINDOWS\System32\Wbem;C:\WINDOWS\System32\WindowsPowerShell\v1.0\;C:\WINDOWS\System32\OpenSSH\;C:\Program Files\Microsoft\jdk-11.0.20.8-hotspot\\bin;C:\Users\Dev.DESKTOP-0NKJGF3\AppData\Local\Android\Sdk\platform-tools;C:\Users\Dev.DESKTOP-0NKJGF3\AppData\Local\Android\Sdk\tools;C:\Program Files\dotnet\;C:\Program Files (x86)\Intel\Intel(R) Management Engine Components\DAL;C:\Program Files\Intel\Intel(R) Management Engine Components\DAL;C:\Program Files (x86)\Intel\Intel(R) Management Engine Components\IPT;C:\Program Files\Intel\Intel(R) Management Engine Components\IPT;C:\Program Files\Git\cmd;C:\Program Files\nodejs\;C:\xampp\php;C:\composer;C:\ProgramData\chocolatey\bin;C:\Users\Kamaldeep\AppData\Local\Microsoft\WindowsApps;C:\Users\Kamaldeep\AppData\Local\Programs\Microsoft VS Code\bin;C:\Users\Kamaldeep\AppData\Local\Android\Sdk;C:\Users\Kamaldeep\AppData\Local\Android\Sdk\platform-tools;
USERNAME=Kamaldeep
LANG=en_US.UTF-8
OS=Windows_NT
PROCESSOR_IDENTIFIER=Intel64 Family 6 Model 60 Stepping 3, GenuineIntel
TMP=C:\Users\KAMALD~1\AppData\Local\Temp
TEMP=C:\Users\KAMALD~1\AppData\Local\Temp



---------------  S Y S T E M  ---------------

OS: Windows 10 , 64 bit Build 19041 (10.0.19041.3570)
OS uptime: 0 days 0:29 hours

CPU:total 4 (initial active 4) (2 cores per cpu, 2 threads per core) family 6 model 60 stepping 3 microcode 0x27, cmov, cx8, fxsr, mmx, sse, sse2, sse3, ssse3, sse4.1, sse4.2, popcnt, avx, avx2, aes, clmul, erms, lzcnt, ht, tsc, tscinvbit, bmi1, bmi2, fma

Memory: 4k page, system-wide physical 16289M (1689M free)
TotalPageFile size 16289M (AvailPageFile size 2M)
current process WorkingSet (physical memory assigned to process): 436M, peak: 439M
current process commit charge ("private bytes"): 521M, peak: 524M

vm_info: OpenJDK 64-Bit Server VM (11.0.20+8-LTS) for windows-amd64 JRE (11.0.20+8-LTS), built on Jul  7 2023 17:05:21 by "MicrosoftCorporation" with MS VC++ 15.9 (VS2017)

END.
